eww.log[2025-05-19 22:05:33] [INFO] Taking area screenshot
[2025-05-19 22:10:38] [INFO] Current brightness percentage: 100
[2025-05-19 22:10:38] [INFO] Setting brightness to 95%
[2025-05-19 22:10:38] [INFO] Current brightness percentage: 94
[2025-05-19 22:10:38] [INFO] Setting brightness to 89%
[2025-05-19 22:10:39] [INFO] Current brightness percentage: 89
[2025-05-19 22:10:39] [INFO] Setting brightness to 84%
[2025-05-19 22:10:39] [INFO] Current brightness percentage: 83
[2025-05-19 22:10:39] [INFO] Setting brightness to 78%
[2025-05-19 22:10:39] [INFO] Current brightness percentage: 78
[2025-05-19 22:10:39] [INFO] Setting brightness to 73%
[2025-05-19 22:10:39] [INFO] Current brightness percentage: 72
[2025-05-19 22:10:39] [INFO] Setting brightness to 67%
[2025-05-19 22:10:40] [INFO] Current brightness percentage: 67
[2025-05-19 22:10:40] [INFO] Setting brightness to 62%
[2025-05-19 22:10:40] [INFO] Current brightness percentage: 61
[2025-05-19 22:10:40] [INFO] Setting brightness to 56%
[2025-05-19 22:10:40] [INFO] Current brightness percentage: 61
[2025-05-19 22:10:40] [INFO] Setting brightness to 56%
[2025-05-19 22:10:40] [INFO] Current brightness percentage: 56
[2025-05-19 22:10:40] [INFO] Setting brightness to 51%
[2025-05-19 22:10:40] [INFO] Current brightness percentage: 50
[2025-05-19 22:10:40] [INFO] Setting brightness to 45%
[2025-05-19 22:10:40] [INFO] Current brightness percentage: 45
[2025-05-19 22:10:40] [INFO] Setting brightness to 40%
[2025-05-19 22:10:40] [INFO] Current brightness percentage: 40
[2025-05-19 22:10:40] [INFO] Setting brightness to 35%
[2025-05-19 22:10:40] [INFO] Current brightness percentage: 34
[2025-05-19 22:10:40] [INFO] Setting brightness to 29%
[2025-05-19 22:10:40] [INFO] Current brightness percentage: 29
[2025-05-19 22:10:40] [INFO] Setting brightness to 24%
[2025-05-19 22:10:41] [INFO] Current brightness percentage: 23
[2025-05-19 22:10:41] [INFO] Setting brightness to 18%
[2025-05-19 22:10:41] [INFO] Current brightness percentage: 23
[2025-05-19 22:10:41] [INFO] Setting brightness to 18%
[2025-05-19 22:10:41] [INFO] Current brightness percentage: 18
[2025-05-19 22:10:41] [INFO] Setting brightness to 13%
[2025-05-19 22:10:41] [INFO] Current brightness percentage: 12
[2025-05-19 22:10:41] [INFO] Setting brightness to 7%
[2025-05-19 22:10:41] [INFO] Current brightness percentage: 7
[2025-05-19 22:10:41] [INFO] Setting brightness to 12%
[2025-05-19 22:10:41] [INFO] Current brightness percentage: 12
[2025-05-19 22:10:41] [INFO] Setting brightness to 17%
[2025-05-19 22:10:41] [INFO] Current brightness percentage: 16
[2025-05-19 22:10:41] [INFO] Setting brightness to 21%
[2025-05-19 22:10:41] [INFO] Current brightness percentage: 21
[2025-05-19 22:10:41] [INFO] Setting brightness to 26%
[2025-05-19 22:10:41] [INFO] Current brightness percentage: 21
[2025-05-19 22:10:41] [INFO] Setting brightness to 26%
[2025-05-19 22:10:41] [INFO] Current brightness percentage: 25
[2025-05-19 22:10:41] [INFO] Setting brightness to 30%
[2025-05-19 22:10:41] [INFO] Current brightness percentage: 30
[2025-05-19 22:10:41] [INFO] Setting brightness to 35%
[2025-05-19 22:10:41] [INFO] Current brightness percentage: 30
[2025-05-19 22:10:41] [INFO] Setting brightness to 35%
[2025-05-19 22:10:41] [INFO] Current brightness percentage: 34
[2025-05-19 22:10:41] [INFO] Setting brightness to 39%
[2025-05-19 22:10:41] [INFO] Current brightness percentage: 34
[2025-05-19 22:10:41] [INFO] Setting brightness to 39%
[2025-05-19 22:10:41] [INFO] Current brightness percentage: 38
[2025-05-19 22:10:41] [INFO] Setting brightness to 43%
[2025-05-19 22:10:41] [INFO] Current brightness percentage: 43
[2025-05-19 22:10:41] [INFO] Setting brightness to 48%
[2025-05-19 22:10:42] [INFO] Current brightness percentage: 47
[2025-05-19 22:10:42] [INFO] Current brightness percentage: 47
[2025-05-19 22:10:42] [INFO] Current brightness percentage: 47
[2025-05-19 22:10:42] [INFO] Current brightness percentage: 47
[2025-05-19 22:10:42] [INFO] Current brightness percentage: 47
[2025-05-19 22:10:42] [INFO] Current brightness percentage: 47
[2025-05-19 22:10:42] [INFO] Setting brightness to 52%
[2025-05-19 22:10:42] [INFO] Setting brightness to 52%
[2025-05-19 22:10:42] [INFO] Setting brightness to 52%
[2025-05-19 22:10:42] [INFO] Setting brightness to 52%
[2025-05-19 22:10:42] [INFO] Current brightness percentage: 47
[2025-05-19 22:10:42] [INFO] Setting brightness to 52%
[2025-05-19 22:10:42] [INFO] Setting brightness to 52%
[2025-05-19 22:10:42] [INFO] Setting brightness to 52%
[2025-05-19 22:10:42] [INFO] Current brightness percentage: 52
[2025-05-19 22:10:42] [INFO] Setting brightness to 57%
[2025-05-19 22:10:42] [INFO] Current brightness percentage: 56
[2025-05-19 22:10:42] [INFO] Current brightness percentage: 56
[2025-05-19 22:10:42] [INFO] Setting brightness to 61%
[2025-05-19 22:10:42] [INFO] Setting brightness to 61%
[2025-05-19 22:10:42] [INFO] Current brightness percentage: 56
[2025-05-19 22:10:42] [INFO] Setting brightness to 61%
[2025-05-19 22:10:42] [INFO] Current brightness percentage: 61
[2025-05-19 22:10:42] [INFO] Current brightness percentage: 61
[2025-05-19 22:10:42] [INFO] Setting brightness to 66%
[2025-05-19 22:10:42] [INFO] Setting brightness to 66%
[2025-05-19 22:10:42] [INFO] Current brightness percentage: 65
[2025-05-19 22:10:42] [INFO] Setting brightness to 70%
[2025-05-19 22:10:42] [INFO] Current brightness percentage: 70
[2025-05-19 22:10:42] [INFO] Setting brightness to 75%
[2025-05-19 22:10:42] [INFO] Current brightness percentage: 74
[2025-05-19 22:10:42] [INFO] Setting brightness to 79%
[2025-05-19 22:10:42] [INFO] Current brightness percentage: 74
[2025-05-19 22:10:42] [INFO] Setting brightness to 79%
[2025-05-19 22:10:42] [INFO] Current brightness percentage: 78
[2025-05-19 22:10:42] [INFO] Setting brightness to 83%
[2025-05-19 22:10:42] [INFO] Current brightness percentage: 83
[2025-05-19 22:10:42] [INFO] Current brightness percentage: 83
[2025-05-19 22:10:42] [INFO] Setting brightness to 88%
[2025-05-19 22:10:42] [INFO] Setting brightness to 88%
[2025-05-19 22:10:42] [INFO] Current brightness percentage: 83
[2025-05-19 22:10:42] [INFO] Setting brightness to 88%
[2025-05-19 22:10:42] [INFO] Current brightness percentage: 87
[2025-05-19 22:10:42] [INFO] Setting brightness to 92%
[2025-05-19 22:10:42] [INFO] Current brightness percentage: 92
[2025-05-19 22:10:42] [INFO] Current brightness percentage: 92
[2025-05-19 22:10:42] [INFO] Setting brightness to 97%
[2025-05-19 22:10:42] [INFO] Setting brightness to 97%
[2025-05-19 22:10:42] [INFO] Current brightness percentage: 96
[2025-05-19 22:10:42] [INFO] Setting brightness to 100%
[2025-05-19 22:10:42] [INFO] Current brightness percentage: 100
[2025-05-19 22:10:42] [INFO] Current brightness percentage: 100
[2025-05-19 22:10:42] [INFO] Setting brightness to 100%
[2025-05-19 22:10:42] [INFO] Setting brightness to 100%
[2025-05-19 22:10:42] [INFO] Current brightness percentage: 100
[2025-05-19 22:10:42] [INFO] Setting brightness to 100%
[2025-05-19 22:10:43] [INFO] Current brightness percentage: 100
[2025-05-19 22:10:43] [INFO] Setting brightness to 100%
[2025-05-19 22:10:43] [INFO] Current brightness percentage: 100
[2025-05-19 22:10:43] [INFO] Setting brightness to 100%
[2025-05-19 22:10:43] [INFO] Current brightness percentage: 100
[2025-05-19 22:10:43] [INFO] Setting brightness to 100%
[2025-05-19 22:10:43] [INFO] Current brightness percentage: 100
[2025-05-19 22:10:43] [INFO] Setting brightness to 100%
[2025-05-19 22:10:43] [INFO] Current brightness percentage: 100
[2025-05-19 22:10:43] [INFO] Setting brightness to 100%
[2025-05-19 22:10:43] [INFO] Current brightness percentage: 100
[2025-05-19 22:10:43] [INFO] Setting brightness to 100%
[2025-05-19 22:10:43] [INFO] Current brightness percentage: 100
[2025-05-19 22:10:43] [INFO] Setting brightness to 100%
[2025-05-19 22:10:43] [INFO] Current brightness percentage: 100
[2025-05-19 22:10:43] [INFO] Setting brightness to 95%
[2025-05-19 22:10:43] [INFO] Current brightness percentage: 100
[2025-05-19 22:10:43] [INFO] Setting brightness to 95%
[2025-05-19 22:10:43] [INFO] Current brightness percentage: 94
[2025-05-19 22:10:43] [INFO] Setting brightness to 89%
[2025-05-19 22:10:43] [INFO] Current brightness percentage: 89
[2025-05-19 22:10:43] [INFO] Setting brightness to 84%
[2025-05-19 22:10:43] [INFO] Current brightness percentage: 89
[2025-05-19 22:10:43] [INFO] Setting brightness to 84%
[2025-05-19 22:10:43] [INFO] Current brightness percentage: 83
[2025-05-19 22:10:43] [INFO] Setting brightness to 78%
[2025-05-19 22:10:43] [INFO] Current brightness percentage: 78
[2025-05-19 22:10:43] [INFO] Setting brightness to 73%
[2025-05-19 22:10:44] [INFO] Current brightness percentage: 78
[2025-05-19 22:10:44] [INFO] Current brightness percentage: 78
[2025-05-19 22:10:44] [INFO] Setting brightness to 73%
[2025-05-19 22:10:44] [INFO] Setting brightness to 73%
[2025-05-19 22:10:44] [INFO] Current brightness percentage: 72
[2025-05-19 22:10:44] [INFO] Setting brightness to 67%
[2025-05-19 22:10:44] [INFO] Current brightness percentage: 67
[2025-05-19 22:10:44] [INFO] Setting brightness to 62%
[2025-05-19 22:10:44] [INFO] Current brightness percentage: 61
[2025-05-19 22:10:44] [INFO] Setting brightness to 56%
[2025-05-19 22:10:44] [INFO] Current brightness percentage: 56
[2025-05-19 22:10:44] [INFO] Setting brightness to 51%
[2025-05-19 22:10:44] [INFO] Current brightness percentage: 50
[2025-05-19 22:10:44] [INFO] Current brightness percentage: 50
[2025-05-19 22:10:44] [INFO] Current brightness percentage: 50
[2025-05-19 22:10:44] [INFO] Setting brightness to 45%
[2025-05-19 22:10:44] [INFO] Setting brightness to 45%
[2025-05-19 22:10:44] [INFO] Setting brightness to 45%
[2025-05-19 22:10:44] [INFO] Current brightness percentage: 50
[2025-05-19 22:10:44] [INFO] Setting brightness to 45%
[2025-05-19 22:10:44] [INFO] Current brightness percentage: 45
[2025-05-19 22:10:44] [INFO] Setting brightness to 40%
[2025-05-19 22:10:44] [INFO] Current brightness percentage: 40
[2025-05-19 22:10:44] [INFO] Setting brightness to 35%
[2025-05-19 22:10:44] [INFO] Current brightness percentage: 40
[2025-05-19 22:10:44] [INFO] Setting brightness to 35%
[2025-05-19 22:10:44] [INFO] Current brightness percentage: 34
[2025-05-19 22:10:44] [INFO] Setting brightness to 29%
[2025-05-19 22:10:44] [INFO] Current brightness percentage: 34
[2025-05-19 22:10:44] [INFO] Setting brightness to 29%
[2025-05-19 22:10:44] [INFO] Current brightness percentage: 29
[2025-05-19 22:10:44] [INFO] Setting brightness to 24%
[2025-05-19 22:10:44] [INFO] Current brightness percentage: 23
[2025-05-19 22:10:44] [INFO] Setting brightness to 18%
[2025-05-19 22:10:44] [INFO] Current brightness percentage: 18
[2025-05-19 22:10:44] [INFO] Setting brightness to 13%
[2025-05-19 22:10:44] [INFO] Current brightness percentage: 12
[2025-05-19 22:10:44] [INFO] Setting brightness to 7%
[2025-05-19 22:10:44] [INFO] Current brightness percentage: 7
[2025-05-19 22:10:44] [INFO] Setting brightness to 2%
[2025-05-19 22:10:44] [INFO] Current brightness percentage: 1
[2025-05-19 22:10:44] [INFO] Setting brightness to 0%
[2025-05-19 22:10:53] [INFO] Current brightness percentage: 0
[2025-05-19 22:10:53] [INFO] Setting brightness to 5%
[2025-05-19 22:10:53] [INFO] Current brightness percentage: 5
[2025-05-19 22:10:53] [INFO] Setting brightness to 10%
[2025-05-19 22:10:53] [INFO] Current brightness percentage: 10
[2025-05-19 22:10:53] [INFO] Setting brightness to 15%
[2025-05-19 22:10:53] [INFO] Current brightness percentage: 14
[2025-05-19 22:10:53] [INFO] Setting brightness to 19%
[2025-05-19 22:10:53] [INFO] Current brightness percentage: 18
[2025-05-19 22:10:53] [INFO] Setting brightness to 13%
[2025-05-19 22:10:53] [INFO] Current brightness percentage: 18
[2025-05-19 22:10:53] [INFO] Setting brightness to 13%
[2025-05-19 22:10:53] [INFO] Current brightness percentage: 12
[2025-05-19 22:10:53] [INFO] Setting brightness to 7%
[2025-05-19 22:10:53] [INFO] Current brightness percentage: 7
[2025-05-19 22:10:53] [INFO] Setting brightness to 2%
[2025-05-19 22:10:53] [INFO] Current brightness percentage: 1
[2025-05-19 22:10:53] [INFO] Setting brightness to 0%
[2025-05-19 22:10:53] [INFO] Current brightness percentage: 0
[2025-05-19 22:10:53] [INFO] Setting brightness to 0%
[2025-05-19 22:10:54] [INFO] Current brightness percentage: 0
[2025-05-19 22:10:54] [INFO] Current brightness percentage: 0
[2025-05-19 22:10:54] [INFO] Setting brightness to 0%
[2025-05-19 22:10:54] [INFO] Setting brightness to 0%
[2025-05-19 22:10:54] [INFO] Current brightness percentage: 0
[2025-05-19 22:10:54] [INFO] Setting brightness to 0%
[2025-05-19 22:10:54] [INFO] Current brightness percentage: 0
[2025-05-19 22:10:54] [INFO] Setting brightness to 0%
[2025-05-19 22:10:57] [INFO] Current brightness percentage: 0
[2025-05-19 22:10:57] [INFO] Setting brightness to 0%
[2025-05-19 22:10:57] [INFO] Current brightness percentage: 0
[2025-05-19 22:10:57] [INFO] Setting brightness to 0%
[2025-05-19 22:10:57] [INFO] Current brightness percentage: 0
[2025-05-19 22:10:57] [INFO] Setting brightness to 0%
[2025-05-19 22:10:57] [INFO] Current brightness percentage: 0
[2025-05-19 22:10:57] [INFO] Current brightness percentage: 0
[2025-05-19 22:10:57] [INFO] Setting brightness to 0%
[2025-05-19 22:10:57] [INFO] Setting brightness to 0%
[2025-05-19 22:10:57] [INFO] Current brightness percentage: 0
[2025-05-19 22:10:57] [INFO] Setting brightness to 0%
[2025-05-19 22:10:57] [INFO] Current brightness percentage: 0
[2025-05-19 22:10:57] [INFO] Setting brightness to 0%
[2025-05-19 22:10:57] [INFO] Current brightness percentage: 0
[2025-05-19 22:10:57] [INFO] Setting brightness to 0%
[2025-05-19 22:10:57] [INFO] Current brightness percentage: 0
[2025-05-19 22:10:57] [INFO] Setting brightness to 0%
[2025-05-19 22:10:57] [INFO] Current brightness percentage: 0
[2025-05-19 22:10:57] [INFO] Current brightness percentage: 0
[2025-05-19 22:10:57] [INFO] Setting brightness to 0%
[2025-05-19 22:10:57] [INFO] Setting brightness to 0%
[2025-05-19 22:10:57] [INFO] Current brightness percentage: 0
[2025-05-19 22:10:57] [INFO] Setting brightness to 0%
[2025-05-19 22:10:58] [INFO] Current brightness percentage: 0
[2025-05-19 22:10:58] [INFO] Setting brightness to 5%
[2025-05-19 22:10:58] [INFO] Current brightness percentage: 5
[2025-05-19 22:10:58] [INFO] Current brightness percentage: 5
[2025-05-19 22:10:58] [INFO] Setting brightness to 10%
[2025-05-19 22:10:58] [INFO] Setting brightness to 10%
[2025-05-19 22:10:58] [INFO] Current brightness percentage: 10
[2025-05-19 22:10:58] [INFO] Setting brightness to 15%
[2025-05-19 22:10:58] [INFO] Current brightness percentage: 14
[2025-05-19 22:10:58] [INFO] Setting brightness to 19%
[2025-05-19 22:10:58] [INFO] Current brightness percentage: 18
[2025-05-19 22:10:58] [INFO] Setting brightness to 23%
[2025-05-19 22:10:58] [INFO] Current brightness percentage: 18
[2025-05-19 22:10:58] [INFO] Setting brightness to 23%
[2025-05-19 22:10:58] [INFO] Current brightness percentage: 23
[2025-05-19 22:10:58] [INFO] Setting brightness to 28%
[2025-05-19 22:10:58] [INFO] Current brightness percentage: 27
[2025-05-19 22:10:58] [INFO] Setting brightness to 32%
[2025-05-19 22:10:58] [INFO] Current brightness percentage: 32
[2025-05-19 22:10:58] [INFO] Setting brightness to 37%
[2025-05-19 22:10:58] [INFO] Current brightness percentage: 32
[2025-05-19 22:10:58] [INFO] Setting brightness to 37%
[2025-05-19 22:10:58] [INFO] Current brightness percentage: 36
[2025-05-19 22:10:58] [INFO] Setting brightness to 41%
[2025-05-19 22:10:58] [INFO] Current brightness percentage: 36
[2025-05-19 22:10:58] [INFO] Setting brightness to 41%
[2025-05-19 22:10:58] [INFO] Current brightness percentage: 41
[2025-05-19 22:10:58] [INFO] Setting brightness to 46%
[2025-05-19 22:10:58] [INFO] Current brightness percentage: 41
[2025-05-19 22:10:58] [INFO] Setting brightness to 46%
[2025-05-19 22:10:58] [INFO] Current brightness percentage: 45
[2025-05-19 22:10:58] [INFO] Current brightness percentage: 45
[2025-05-19 22:10:58] [INFO] Setting brightness to 50%
[2025-05-19 22:10:58] [INFO] Setting brightness to 50%
[2025-05-19 22:10:58] [INFO] Current brightness percentage: 50
[2025-05-19 22:10:58] [INFO] Setting brightness to 55%
[2025-05-19 22:10:58] [INFO] Current brightness percentage: 54
[2025-05-19 22:10:58] [INFO] Setting brightness to 59%
[2025-05-19 22:10:58] [INFO] Current brightness percentage: 58
[2025-05-19 22:10:58] [INFO] Setting brightness to 63%
[2025-05-19 22:10:58] [INFO] Current brightness percentage: 58
[2025-05-19 22:10:58] [INFO] Setting brightness to 63%
[2025-05-19 22:10:58] [INFO] Current brightness percentage: 63
[2025-05-19 22:10:58] [INFO] Setting brightness to 68%
[2025-05-19 22:10:58] [INFO] Current brightness percentage: 63
[2025-05-19 22:10:58] [INFO] Setting brightness to 68%
[2025-05-19 22:10:58] [INFO] Current brightness percentage: 67
[2025-05-19 22:10:58] [INFO] Current brightness percentage: 67
[2025-05-19 22:10:58] [INFO] Setting brightness to 72%
[2025-05-19 22:10:58] [INFO] Setting brightness to 72%
[2025-05-19 22:10:59] [INFO] Current brightness percentage: 72
[2025-05-19 22:10:59] [INFO] Setting brightness to 77%
[2025-05-19 22:10:59] [INFO] Current brightness percentage: 76
[2025-05-19 22:10:59] [INFO] Setting brightness to 81%
[2025-05-19 22:10:59] [INFO] Current brightness percentage: 81
[2025-05-19 22:10:59] [INFO] Current brightness percentage: 81
[2025-05-19 22:10:59] [INFO] Setting brightness to 86%
[2025-05-19 22:10:59] [INFO] Current brightness percentage: 81
[2025-05-19 22:10:59] [INFO] Setting brightness to 86%
[2025-05-19 22:10:59] [INFO] Setting brightness to 86%
[2025-05-19 22:10:59] [INFO] Current brightness percentage: 85
[2025-05-19 22:10:59] [INFO] Current brightness percentage: 85
[2025-05-19 22:10:59] [INFO] Setting brightness to 90%
[2025-05-19 22:10:59] [INFO] Setting brightness to 90%
[2025-05-19 22:10:59] [INFO] Current brightness percentage: 90
[2025-05-19 22:10:59] [INFO] Setting brightness to 95%
[2025-05-19 22:10:59] [INFO] Current brightness percentage: 94
[2025-05-19 22:10:59] [INFO] Setting brightness to 99%
[2025-05-19 22:10:59] [INFO] Current brightness percentage: 98
[2025-05-19 22:10:59] [INFO] Setting brightness to 100%
[2025-05-19 22:10:59] [INFO] Current brightness percentage: 100
[2025-05-19 22:10:59] [INFO] Setting brightness to 100%
[2025-05-19 22:10:59] [INFO] Current brightness percentage: 100
[2025-05-19 22:10:59] [INFO] Setting brightness to 100%
[2025-05-19 22:10:59] [INFO] Current brightness percentage: 100
[2025-05-19 22:10:59] [INFO] Setting brightness to 100%
[2025-05-19 22:10:59] [INFO] Current brightness percentage: 100
[2025-05-19 22:10:59] [INFO] Setting brightness to 100%
[2025-05-19 22:10:59] [INFO] Current brightness percentage: 100
[2025-05-19 22:10:59] [INFO] Setting brightness to 100%
[2025-05-19 22:10:59] [INFO] Current brightness percentage: 100
[2025-05-19 22:10:59] [INFO] Current brightness percentage: 100
[2025-05-19 22:10:59] [INFO] Setting brightness to 100%
[2025-05-19 22:10:59] [INFO] Current brightness percentage: 100
[2025-05-19 22:10:59] [INFO] Current brightness percentage: 100
[2025-05-19 22:10:59] [INFO] Setting brightness to 100%
[2025-05-19 22:10:59] [INFO] Current brightness percentage: 100
[2025-05-19 22:10:59] [INFO] Setting brightness to 100%
[2025-05-19 22:10:59] [INFO] Setting brightness to 100%
[2025-05-19 22:10:59] [INFO] Setting brightness to 100%
[2025-05-19 22:10:59] [INFO] Current brightness percentage: 100
[2025-05-19 22:10:59] [INFO] Setting brightness to 100%
[2025-05-19 22:11:00] [INFO] Current brightness percentage: 100
[2025-05-19 22:11:00] [INFO] Setting brightness to 100%
[2025-05-19 22:11:00] [INFO] Current brightness percentage: 100
[2025-05-19 22:11:00] [INFO] Setting brightness to 100%
[2025-05-19 22:11:00] [INFO] Current brightness percentage: 100
[2025-05-19 22:11:00] [INFO] Setting brightness to 100%
[2025-05-19 22:11:08] [INFO] Current brightness percentage: 100
[2025-05-19 22:11:08] [INFO] Setting brightness to 95%
[2025-05-19 22:11:08] [INFO] Current brightness percentage: 94
[2025-05-19 22:11:08] [INFO] Setting brightness to 89%
[2025-05-19 22:11:08] [INFO] Current brightness percentage: 89
[2025-05-19 22:11:08] [INFO] Setting brightness to 84%
[2025-05-19 22:11:08] [INFO] Current brightness percentage: 83
[2025-05-19 22:11:08] [INFO] Current brightness percentage: 83
[2025-05-19 22:11:08] [INFO] Setting brightness to 78%
[2025-05-19 22:11:08] [INFO] Setting brightness to 78%
[2025-05-19 22:11:08] [INFO] Current brightness percentage: 78
[2025-05-19 22:11:08] [INFO] Setting brightness to 73%
[2025-05-19 22:11:08] [INFO] Current brightness percentage: 72
[2025-05-19 22:11:08] [INFO] Setting brightness to 67%
[2025-05-19 22:11:08] [INFO] Current brightness percentage: 67
[2025-05-19 22:11:08] [INFO] Current brightness percentage: 67
[2025-05-19 22:11:08] [INFO] Current brightness percentage: 67
[2025-05-19 22:11:08] [INFO] Setting brightness to 62%
[2025-05-19 22:11:08] [INFO] Setting brightness to 62%
[2025-05-19 22:11:08] [INFO] Setting brightness to 62%
[2025-05-19 22:11:09] [INFO] Current brightness percentage: 61
[2025-05-19 22:11:09] [INFO] Setting brightness to 56%
[2025-05-19 22:11:09] [INFO] Current brightness percentage: 56
[2025-05-19 22:11:09] [INFO] Setting brightness to 51%
[2025-05-19 22:11:09] [INFO] Current brightness percentage: 56
[2025-05-19 22:11:09] [INFO] Setting brightness to 51%
[2025-05-19 22:11:09] [INFO] Current brightness percentage: 50
[2025-05-19 22:11:09] [INFO] Setting brightness to 45%
[2025-05-19 22:11:09] [INFO] Current brightness percentage: 45
[2025-05-19 22:11:09] [INFO] Setting brightness to 40%
[2025-05-19 22:11:09] [INFO] Current brightness percentage: 40
[2025-05-19 22:11:09] [INFO] Setting brightness to 35%
[2025-05-19 22:11:10] [INFO] Current brightness percentage: 34
[2025-05-19 22:11:10] [INFO] Setting brightness to 29%
[2025-05-19 22:11:10] [INFO] Current brightness percentage: 29
[2025-05-19 22:11:10] [INFO] Setting brightness to 34%
[2025-05-19 22:11:10] [INFO] Current brightness percentage: 34
[2025-05-19 22:11:10] [INFO] Current brightness percentage: 34
[2025-05-19 22:11:10] [INFO] Setting brightness to 39%
[2025-05-19 22:11:10] [INFO] Setting brightness to 39%
[2025-05-19 22:11:10] [INFO] Current brightness percentage: 38
[2025-05-19 22:11:10] [INFO] Setting brightness to 43%
[2025-05-19 22:11:10] [INFO] Current brightness percentage: 43
[2025-05-19 22:11:10] [INFO] Setting brightness to 48%
[2025-05-19 22:11:10] [INFO] Current brightness percentage: 47
[2025-05-19 22:11:10] [INFO] Current brightness percentage: 47
[2025-05-19 22:11:10] [INFO] Setting brightness to 52%
[2025-05-19 22:11:10] [INFO] Setting brightness to 52%
[2025-05-19 22:11:10] [INFO] Current brightness percentage: 52
[2025-05-19 22:11:10] [INFO] Setting brightness to 57%
[2025-05-19 22:11:10] [INFO] Current brightness percentage: 52
[2025-05-19 22:11:10] [INFO] Setting brightness to 57%
[2025-05-19 22:11:10] [INFO] Current brightness percentage: 56
[2025-05-19 22:11:10] [INFO] Setting brightness to 61%
[2025-05-19 22:11:10] [INFO] Current brightness percentage: 61
[2025-05-19 22:11:10] [INFO] Setting brightness to 66%
[2025-05-19 22:11:11] [INFO] Current brightness percentage: 65
[2025-05-19 22:11:11] [INFO] Setting brightness to 70%
[2025-05-19 22:11:11] [INFO] Current brightness percentage: 70
[2025-05-19 22:11:11] [INFO] Setting brightness to 75%
[2025-05-19 22:11:11] [INFO] Current brightness percentage: 74
[2025-05-19 22:11:11] [INFO] Setting brightness to 79%
[2025-05-19 22:11:11] [INFO] Current brightness percentage: 78
[2025-05-19 22:11:11] [INFO] Setting brightness to 83%
[2025-05-19 22:11:11] [INFO] Current brightness percentage: 78
[2025-05-19 22:11:11] [INFO] Setting brightness to 83%
[2025-05-19 22:11:11] [INFO] Current brightness percentage: 83
[2025-05-19 22:11:11] [INFO] Setting brightness to 88%
[2025-05-19 22:11:11] [INFO] Current brightness percentage: 87
[2025-05-19 22:11:11] [INFO] Setting brightness to 92%
[2025-05-19 22:11:11] [INFO] Current brightness percentage: 92
[2025-05-19 22:11:11] [INFO] Setting brightness to 97%
[2025-05-19 22:11:11] [INFO] Current brightness percentage: 96
[2025-05-19 22:11:11] [INFO] Setting brightness to 100%
[2025-05-19 22:11:11] [INFO] Current brightness percentage: 96
[2025-05-19 22:11:11] [INFO] Setting brightness to 100%
[2025-05-19 22:11:11] [INFO] Current brightness percentage: 100
[2025-05-19 22:11:11] [INFO] Setting brightness to 100%
[2025-05-19 22:11:11] [INFO] Current brightness percentage: 100
[2025-05-19 22:11:11] [INFO] Setting brightness to 100%
[2025-05-19 22:11:11] [INFO] Current brightness percentage: 100
[2025-05-19 22:11:11] [INFO] Setting brightness to 100%
[2025-05-19 22:11:11] [INFO] Current brightness percentage: 100
[2025-05-19 22:11:11] [INFO] Setting brightness to 100%
[2025-05-19 22:11:11] [INFO] Current brightness percentage: 100
[2025-05-19 22:11:11] [INFO] Setting brightness to 100%
[2025-05-19 22:11:11] [INFO] Current brightness percentage: 100
[2025-05-19 22:11:11] [INFO] Current brightness percentage: 100
[2025-05-19 22:11:11] [INFO] Setting brightness to 100%
[2025-05-19 22:11:11] [INFO] Setting brightness to 100%
[2025-05-19 22:11:11] [INFO] Current brightness percentage: 100
[2025-05-19 22:11:11] [INFO] Setting brightness to 100%
[2025-05-19 22:12:05] [INFO] Decreasing volume by 5%
[2025-05-19 22:12:05] [INFO] Decreasing volume by 5%
[2025-05-19 22:12:05] [INFO] Decreasing volume by 5%
[2025-05-19 22:12:05] [INFO] Volume changed to 75%
[2025-05-19 22:12:05] [INFO] Volume changed to 75%
[2025-05-19 22:12:05] [INFO] Volume changed to 70%
[2025-05-19 22:12:05] [INFO] Decreasing volume by 5%
[2025-05-19 22:12:05] [INFO] Volume changed to 65%
[2025-05-19 22:12:06] [INFO] Decreasing volume by 5%
[2025-05-19 22:12:06] [INFO] Volume changed to 60%
[2025-05-19 22:12:06] [INFO] Decreasing volume by 5%
[2025-05-19 22:12:06] [INFO] Volume changed to 55%
[2025-05-19 22:12:06] [INFO] Increasing volume by 5%
[2025-05-19 22:12:06] [INFO] Increasing volume by 5%
[2025-05-19 22:12:06] [INFO] Increasing volume by 5%
[2025-05-19 22:12:06] [INFO] Volume changed to 60%
[2025-05-19 22:12:06] [INFO] Increasing volume by 5%
[2025-05-19 22:12:06] [INFO] Volume changed to 65%
[2025-05-19 22:12:06] [INFO] Increasing volume by 5%
[2025-05-19 22:12:06] [INFO] Volume changed to 70%
[2025-05-19 22:12:06] [INFO] Volume changed to 75%
[2025-05-19 22:12:06] [INFO] Increasing volume by 5%
[2025-05-19 22:12:06] [INFO] Volume changed to 80%
[2025-05-19 22:12:06] [INFO] Volume changed to 85%
[2025-05-19 22:12:06] [INFO] Increasing volume by 5%
[2025-05-19 22:12:06] [INFO] Volume changed to 90%
[2025-05-19 22:12:06] [INFO] Increasing volume by 5%
[2025-05-19 22:12:06] [INFO] Increasing volume by 5%
[2025-05-19 22:12:06] [INFO] Increasing volume by 5%
[2025-05-19 22:12:06] [INFO] Increasing volume by 5%
[2025-05-19 22:12:06] [INFO] Volume changed to 95%
[2025-05-19 22:12:06] [INFO] Increasing volume by 5%
[2025-05-19 22:12:06] [INFO] Volume changed to 105%
[2025-05-19 22:12:06] [INFO] Volume changed to 110%
[2025-05-19 22:12:06] [INFO] Volume changed to 110%
[2025-05-19 22:12:06] [INFO] Volume changed to 114%
[2025-05-19 22:12:06] [INFO] Increasing volume by 5%
[2025-05-19 22:12:06] [INFO] Increasing volume by 5%
[2025-05-19 22:12:06] [INFO] Volume changed to 120%
[2025-05-19 22:12:07] [INFO] Increasing volume by 5%
[2025-05-19 22:12:07] [INFO] Increasing volume by 5%
[2025-05-19 22:12:07] [INFO] Volume changed to 125%
[2025-05-19 22:12:07] [INFO] Increasing volume by 5%
[2025-05-19 22:12:07] [INFO] Volume changed to 130%
[2025-05-19 22:12:07] [INFO] Volume changed to 130%
[2025-05-19 22:12:07] [INFO] Volume changed to 135%
[2025-05-19 22:12:07] [INFO] Increasing volume by 5%
[2025-05-19 22:12:07] [INFO] Increasing volume by 5%
[2025-05-19 22:12:07] [INFO] Volume changed to 140%
[2025-05-19 22:12:07] [INFO] Volume changed to 145%
[2025-05-19 22:12:08] [INFO] Decreasing volume by 5%
[2025-05-19 22:12:08] [INFO] Volume changed to 140%
[2025-05-19 22:12:09] [INFO] Decreasing volume by 5%
[2025-05-19 22:12:09] [INFO] Decreasing volume by 5%
[2025-05-19 22:12:09] [INFO] Decreasing volume by 5%
[2025-05-19 22:12:09] [INFO] Decreasing volume by 5%
[2025-05-19 22:12:09] [INFO] Decreasing volume by 5%
[2025-05-19 22:12:09] [INFO] Volume changed to 130%
[2025-05-19 22:12:09] [INFO] Volume changed to 125%
[2025-05-19 22:12:09] [INFO] Volume changed to 120%
[2025-05-19 22:12:09] [INFO] Volume changed to 125%
[2025-05-19 22:12:09] [INFO] Decreasing volume by 5%
[2025-05-19 22:12:09] [INFO] Volume changed to 114%
[2025-05-19 22:12:09] [INFO] Decreasing volume by 5%
[2025-05-19 22:12:09] [INFO] Decreasing volume by 5%
[2025-05-19 22:12:09] [INFO] Decreasing volume by 5%
[2025-05-19 22:12:09] [INFO] Decreasing volume by 5%
[2025-05-19 22:12:09] [INFO] Volume changed to 110%
[2025-05-19 22:12:09] [INFO] Decreasing volume by 5%
[2025-05-19 22:12:09] [INFO] Volume changed to 105%
[2025-05-19 22:12:09] [INFO] Volume changed to 105%
[2025-05-19 22:12:09] [INFO] Volume changed to 100%
[2025-05-19 22:12:09] [INFO] Volume changed to 95%
[2025-05-19 22:12:09] [INFO] Decreasing volume by 5%
[2025-05-19 22:12:09] [INFO] Volume changed to 90%
[2025-05-19 22:12:09] [INFO] Increasing volume by 5%
[2025-05-19 22:12:09] [INFO] Increasing volume by 5%
[2025-05-19 22:12:09] [INFO] Increasing volume by 5%
[2025-05-19 22:12:09] [INFO] Increasing volume by 5%
[2025-05-19 22:12:09] [INFO] Volume changed to 100%
[2025-05-19 22:12:09] [INFO] Volume changed to 105%
[2025-05-19 22:12:09] [INFO] Increasing volume by 5%
[2025-05-19 22:12:09] [INFO] Volume changed to 110%
[2025-05-19 22:12:09] [INFO] Volume changed to 114%
[2025-05-19 22:12:10] [INFO] Increasing volume by 5%
[2025-05-19 22:12:10] [INFO] Increasing volume by 5%
[2025-05-19 22:12:10] [INFO] Increasing volume by 5%
[2025-05-19 22:12:10] [INFO] Volume changed to 120%
[2025-05-19 22:12:10] [INFO] Volume changed to 125%
[2025-05-19 22:12:10] [INFO] Volume changed to 130%
[2025-05-19 22:12:10] [INFO] Increasing volume by 5%
[2025-05-19 22:12:10] [INFO] Increasing volume by 5%
[2025-05-19 22:12:10] [INFO] Volume changed to 135%
[2025-05-19 22:12:10] [INFO] Volume changed to 140%
[2025-05-19 22:12:10] [INFO] Increasing volume by 5%
[2025-05-19 22:12:10] [INFO] Increasing volume by 5%
[2025-05-19 22:12:10] [INFO] Increasing volume by 5%
[2025-05-19 22:12:10] [INFO] Increasing volume by 5%
[2025-05-19 22:12:10] [INFO] Volume changed to 145%
[2025-05-19 22:12:10] [INFO] Volume changed to 150%
[2025-05-19 22:12:10] [INFO] Volume changed to 155%
[2025-05-19 22:12:10] [INFO] Volume changed to 160%
[2025-05-19 22:12:10] [INFO] Increasing volume by 5%
[2025-05-19 22:12:10] [INFO] Volume changed to 165%
[2025-05-19 22:12:10] [INFO] Decreasing volume by 5%
[2025-05-19 22:12:10] [INFO] Volume changed to 160%
[2025-05-19 22:12:10] [INFO] Decreasing volume by 5%
[2025-05-19 22:12:10] [INFO] Decreasing volume by 5%
[2025-05-19 22:12:10] [INFO] Volume changed to 155%
[2025-05-19 22:12:10] [INFO] Volume changed to 150%
[2025-05-19 22:12:13] [INFO] Decreasing volume by 5%
[2025-05-19 22:12:13] [INFO] Decreasing volume by 5%
[2025-05-19 22:12:13] [INFO] Volume changed to 145%
[2025-05-19 22:12:13] [INFO] Decreasing volume by 5%
[2025-05-19 22:12:13] [INFO] Volume changed to 140%
[2025-05-19 22:12:13] [INFO] Decreasing volume by 5%
[2025-05-19 22:12:13] [INFO] Decreasing volume by 5%
[2025-05-19 22:12:13] [INFO] Decreasing volume by 5%
[2025-05-19 22:12:13] [INFO] Volume changed to 135%
[2025-05-19 22:12:13] [INFO] Volume changed to 130%
[2025-05-19 22:12:13] [INFO] Volume changed to 130%
[2025-05-19 22:12:13] [INFO] Decreasing volume by 5%
[2025-05-19 22:12:13] [INFO] Volume changed to 125%
[2025-05-19 22:12:13] [INFO] Volume changed to 120%
[2025-05-19 22:12:13] [INFO] Decreasing volume by 5%
[2025-05-19 22:12:13] [INFO] Decreasing volume by 5%
[2025-05-19 22:12:13] [INFO] Decreasing volume by 5%
[2025-05-19 22:12:13] [INFO] Decreasing volume by 5%
[2025-05-19 22:12:13] [INFO] Volume changed to 114%
[2025-05-19 22:12:13] [INFO] Decreasing volume by 5%
[2025-05-19 22:12:13] [INFO] Volume changed to 110%
[2025-05-19 22:12:13] [INFO] Volume changed to 110%
[2025-05-19 22:12:13] [INFO] Volume changed to 105%
[2025-05-19 22:12:13] [INFO] Volume changed to 100%
[2025-05-19 22:12:14] [INFO] Decreasing volume by 5%
[2025-05-19 22:12:14] [INFO] Volume changed to 95%
[2025-05-19 22:12:14] [INFO] Decreasing volume by 5%
[2025-05-19 22:12:14] [INFO] Volume changed to 90%
[2025-05-19 22:12:14] [INFO] Decreasing volume by 5%
[2025-05-19 22:12:14] [INFO] Volume changed to 85%
[2025-05-19 22:12:14] [INFO] Decreasing volume by 5%
[2025-05-19 22:12:14] [INFO] Volume changed to 80%
[2025-05-19 22:12:14] [INFO] Increasing volume by 5%
[2025-05-19 22:12:14] [INFO] Increasing volume by 5%
[2025-05-19 22:12:14] [INFO] Volume changed to 85%
[2025-05-19 22:12:14] [INFO] Increasing volume by 5%
[2025-05-19 22:12:14] [INFO] Volume changed to 90%
[2025-05-19 22:12:14] [INFO] Increasing volume by 5%
[2025-05-19 22:12:14] [INFO] Volume changed to 95%
[2025-05-19 22:12:14] [INFO] Increasing volume by 5%
[2025-05-19 22:12:14] [INFO] Volume changed to 100%
[2025-05-19 22:12:14] [INFO] Volume changed to 105%
[2025-05-19 22:12:15] [INFO] Increasing volume by 5%
[2025-05-19 22:12:15] [INFO] Increasing volume by 5%
[2025-05-19 22:12:15] [INFO] Increasing volume by 5%
[2025-05-19 22:12:15] [INFO] Increasing volume by 5%
[2025-05-19 22:12:15] [INFO] Volume changed to 110%
[2025-05-19 22:12:15] [INFO] Increasing volume by 5%
[2025-05-19 22:12:15] [INFO] Volume changed to 114%
[2025-05-19 22:12:15] [INFO] Volume changed to 120%
[2025-05-19 22:12:15] [INFO] Volume changed to 125%
[2025-05-19 22:12:15] [INFO] Increasing volume by 5%
[2025-05-19 22:12:15] [INFO] Increasing volume by 5%
[2025-05-19 22:12:15] [INFO] Volume changed to 130%
[2025-05-19 22:12:15] [INFO] Increasing volume by 5%
[2025-05-19 22:12:15] [INFO] Increasing volume by 5%
[2025-05-19 22:12:15] [INFO] Volume changed to 135%
[2025-05-19 22:12:15] [INFO] Increasing volume by 5%
[2025-05-19 22:12:15] [INFO] Volume changed to 140%
[2025-05-19 22:12:15] [INFO] Volume changed to 140%
[2025-05-19 22:12:15] [INFO] Volume changed to 145%
[2025-05-19 22:12:15] [INFO] Decreasing volume by 5%
[2025-05-19 22:12:15] [INFO] Decreasing volume by 5%
[2025-05-19 22:12:15] [INFO] Decreasing volume by 5%
[2025-05-19 22:12:15] [INFO] Decreasing volume by 5%
[2025-05-19 22:12:15] [INFO] Volume changed to 140%
[2025-05-19 22:12:15] [INFO] Decreasing volume by 5%
[2025-05-19 22:12:15] [INFO] Decreasing volume by 5%
[2025-05-19 22:12:15] [INFO] Volume changed to 135%
[2025-05-19 22:12:15] [INFO] Volume changed to 135%
[2025-05-19 22:12:15] [INFO] Volume changed to 125%
[2025-05-19 22:12:15] [INFO] Volume changed to 120%
[2025-05-19 22:12:15] [INFO] Decreasing volume by 5%
[2025-05-19 22:12:15] [INFO] Decreasing volume by 5%
[2025-05-19 22:12:16] [INFO] Decreasing volume by 5%
[2025-05-19 22:12:16] [INFO] Decreasing volume by 5%
[2025-05-19 22:12:16] [INFO] Volume changed to 114%
[2025-05-19 22:12:16] [INFO] Volume changed to 110%
[2025-05-19 22:12:16] [INFO] Volume changed to 110%
[2025-05-19 22:12:16] [INFO] Volume changed to 105%
[2025-05-19 22:12:16] [INFO] Decreasing volume by 5%
[2025-05-19 22:12:16] [INFO] Volume changed to 100%
[2025-05-19 22:12:16] [INFO] Decreasing volume by 5%
[2025-05-19 22:12:16] [INFO] Decreasing volume by 5%
[2025-05-19 22:12:16] [INFO] Decreasing volume by 5%
[2025-05-19 22:12:16] [INFO] Volume changed to 95%
[2025-05-19 22:12:16] [INFO] Volume changed to 90%
[2025-05-19 22:12:16] [INFO] Volume changed to 85%
[2025-05-19 22:12:16] [INFO] Decreasing volume by 5%
[2025-05-19 22:12:16] [INFO] Volume changed to 80%
[2025-05-19 22:12:16] [INFO] Decreasing volume by 5%
[2025-05-19 22:12:16] [INFO] Decreasing volume by 5%
[2025-05-19 22:12:16] [INFO] Volume changed to 75%
[2025-05-19 22:12:16] [INFO] Volume changed to 70%
[2025-05-19 22:12:17] [INFO] Decreasing volume by 5%
[2025-05-19 22:12:17] [INFO] Decreasing volume by 5%
[2025-05-19 22:12:17] [INFO] Volume changed to 65%
[2025-05-19 22:12:17] [INFO] Volume changed to 60%
[2025-05-19 22:12:17] [INFO] Decreasing volume by 5%
[2025-05-19 22:12:17] [INFO] Volume changed to 55%
[2025-05-19 22:12:17] [INFO] Increasing volume by 5%
[2025-05-19 22:12:17] [INFO] Increasing volume by 5%
[2025-05-19 22:12:17] [INFO] Increasing volume by 5%
[2025-05-19 22:12:17] [INFO] Volume changed to 60%
[2025-05-19 22:12:17] [INFO] Volume changed to 60%
[2025-05-19 22:12:17] [INFO] Increasing volume by 5%
[2025-05-19 22:12:17] [INFO] Volume changed to 65%
[2025-05-19 22:12:17] [INFO] Volume changed to 70%
[2025-05-19 22:12:18] [INFO] Increasing volume by 5%
[2025-05-19 22:12:18] [INFO] Increasing volume by 5%
[2025-05-19 22:12:18] [INFO] Increasing volume by 5%
[2025-05-19 22:12:18] [INFO] Volume changed to 75%
[2025-05-19 22:12:18] [INFO] Volume changed to 80%
[2025-05-19 22:12:18] [INFO] Increasing volume by 5%
[2025-05-19 22:12:18] [INFO] Increasing volume by 5%
[2025-05-19 22:12:18] [INFO] Increasing volume by 5%
[2025-05-19 22:12:18] [INFO] Volume changed to 85%
[2025-05-19 22:12:18] [INFO] Volume changed to 90%
[2025-05-19 22:12:18] [INFO] Volume changed to 90%
[2025-05-19 22:12:18] [INFO] Volume changed to 95%
[2025-05-19 22:12:18] [INFO] Increasing volume by 5%
[2025-05-19 22:12:18] [INFO] Increasing volume by 5%
[2025-05-19 22:12:18] [INFO] Increasing volume by 5%
[2025-05-19 22:12:18] [INFO] Increasing volume by 5%
[2025-05-19 22:12:18] [INFO] Increasing volume by 5%
[2025-05-19 22:12:18] [INFO] Volume changed to 100%
[2025-05-19 22:12:18] [INFO] Volume changed to 105%
[2025-05-19 22:12:18] [INFO] Volume changed to 105%
[2025-05-19 22:12:18] [INFO] Volume changed to 110%
[2025-05-19 22:12:18] [INFO] Volume changed to 110%
[2025-05-19 22:12:18] [INFO] Increasing volume by 5%
[2025-05-19 22:12:18] [INFO] Volume changed to 114%
[2025-05-19 22:12:18] [INFO] Increasing volume by 5%
[2025-05-19 22:12:18] [INFO] Volume changed to 120%
[2025-05-19 22:12:19] [INFO] Decreasing volume by 5%
[2025-05-19 22:12:19] [INFO] Decreasing volume by 5%
[2025-05-19 22:12:19] [INFO] Decreasing volume by 5%
[2025-05-19 22:12:19] [INFO] Volume changed to 114%
[2025-05-19 22:12:19] [INFO] Decreasing volume by 5%
[2025-05-19 22:12:19] [INFO] Decreasing volume by 5%
[2025-05-19 22:12:19] [INFO] Volume changed to 105%
[2025-05-19 22:12:19] [INFO] Volume changed to 105%
[2025-05-19 22:12:19] [INFO] Volume changed to 100%
[2025-05-19 22:12:19] [INFO] Volume changed to 100%
[2025-05-19 22:12:19] [INFO] Decreasing volume by 5%
[2025-05-19 22:12:19] [INFO] Volume changed to 95%
[2025-05-19 22:12:19] [INFO] Decreasing volume by 5%
[2025-05-19 22:12:19] [INFO] Decreasing volume by 5%
[2025-05-19 22:12:19] [INFO] Volume changed to 90%
[2025-05-19 22:12:19] [INFO] Decreasing volume by 5%
[2025-05-19 22:12:19] [INFO] Decreasing volume by 5%
[2025-05-19 22:12:19] [INFO] Volume changed to 85%
[2025-05-19 22:12:19] [INFO] Volume changed to 80%
[2025-05-19 22:12:19] [INFO] Decreasing volume by 5%
[2025-05-19 22:12:19] [INFO] Volume changed to 75%
[2025-05-19 22:12:19] [INFO] Volume changed to 70%
[2025-05-19 22:12:37] [INFO] Decreasing volume by 5%
[2025-05-19 22:12:37] [INFO] Decreasing volume by 5%
[2025-05-19 22:12:37] [INFO] Volume changed to 65%
[2025-05-19 22:12:37] [INFO] Decreasing volume by 5%
[2025-05-19 22:12:37] [INFO] Volume changed to 60%
[2025-05-19 22:12:37] [INFO] Decreasing volume by 5%
[2025-05-19 22:12:37] [INFO] Volume changed to 55%
[2025-05-19 22:12:37] [INFO] Volume changed to 50%
[2025-05-19 22:12:37] [INFO] Decreasing volume by 5%
[2025-05-19 22:12:37] [INFO] Volume changed to 45%
[2025-05-19 22:12:37] [INFO] Decreasing volume by 5%
[2025-05-19 22:12:37] [INFO] Volume changed to 40%
[2025-05-19 22:12:37] [INFO] Increasing volume by 5%
[2025-05-19 22:12:37] [INFO] Volume changed to 45%
[2025-05-19 22:12:38] [INFO] Increasing volume by 5%
[2025-05-19 22:12:38] [INFO] Increasing volume by 5%
[2025-05-19 22:12:38] [INFO] Volume changed to 50%
[2025-05-19 22:12:38] [INFO] Volume changed to 55%
[2025-05-19 22:12:38] [INFO] Increasing volume by 5%
[2025-05-19 22:12:38] [INFO] Volume changed to 60%
[2025-05-19 22:12:38] [INFO] Increasing volume by 5%
[2025-05-19 22:12:38] [INFO] Increasing volume by 5%
[2025-05-19 22:12:38] [INFO] Volume changed to 65%
[2025-05-19 22:12:38] [INFO] Increasing volume by 5%
[2025-05-19 22:12:38] [INFO] Volume changed to 70%
[2025-05-19 22:12:38] [INFO] Volume changed to 75%
[2025-05-19 22:12:38] [INFO] Increasing volume by 5%
[2025-05-19 22:12:38] [INFO] Increasing volume by 5%
[2025-05-19 22:12:38] [INFO] Increasing volume by 5%
[2025-05-19 22:12:38] [INFO] Increasing volume by 5%
[2025-05-19 22:12:38] [INFO] Volume changed to 80%
[2025-05-19 22:12:38] [INFO] Volume changed to 85%
[2025-05-19 22:12:38] [INFO] Volume changed to 90%
[2025-05-19 22:12:38] [INFO] Volume changed to 90%
[2025-05-19 22:12:38] [INFO] Increasing volume by 5%
[2025-05-19 22:12:38] [INFO] Volume changed to 95%
[2025-05-19 22:12:38] [INFO] Increasing volume by 5%
[2025-05-19 22:12:38] [INFO] Increasing volume by 5%
[2025-05-19 22:12:38] [INFO] Increasing volume by 5%
[2025-05-19 22:12:38] [INFO] Increasing volume by 5%
[2025-05-19 22:12:38] [INFO] Volume changed to 100%
[2025-05-19 22:12:38] [INFO] Volume changed to 100%
[2025-05-19 22:12:38] [INFO] Volume changed to 105%
[2025-05-19 22:12:38] [INFO] Increasing volume by 5%
[2025-05-19 22:12:38] [INFO] Volume changed to 110%
[2025-05-19 22:12:39] [INFO] Volume changed to 114%
[2025-05-19 22:12:39] [INFO] Decreasing volume by 5%
[2025-05-19 22:12:39] [INFO] Decreasing volume by 5%
[2025-05-19 22:12:39] [INFO] Decreasing volume by 5%
[2025-05-19 22:12:39] [INFO] Volume changed to 105%
[2025-05-19 22:12:39] [INFO] Volume changed to 100%
[2025-05-19 22:12:39] [INFO] Decreasing volume by 5%
[2025-05-19 22:12:39] [INFO] Decreasing volume by 5%
[2025-05-19 22:12:39] [INFO] Decreasing volume by 5%
[2025-05-19 22:12:39] [INFO] Decreasing volume by 5%
[2025-05-19 22:12:39] [INFO] Volume changed to 90%
[2025-05-19 22:12:39] [INFO] Volume changed to 85%
[2025-05-19 22:12:39] [INFO] Decreasing volume by 5%
[2025-05-19 22:12:39] [INFO] Volume changed to 80%
[2025-05-19 22:12:39] [INFO] Volume changed to 80%
[2025-05-19 22:12:39] [INFO] Volume changed to 75%
[2025-05-19 22:12:40] [INFO] Decreasing volume by 5%
[2025-05-19 22:12:40] [INFO] Decreasing volume by 5%
[2025-05-19 22:12:40] [INFO] Decreasing volume by 5%
[2025-05-19 22:12:40] [INFO] Volume changed to 65%
[2025-05-19 22:12:40] [INFO] Decreasing volume by 5%
[2025-05-19 22:12:40] [INFO] Volume changed to 60%
[2025-05-19 22:12:40] [INFO] Volume changed to 60%
[2025-05-19 22:12:40] [INFO] Decreasing volume by 5%
[2025-05-19 22:12:40] [INFO] Decreasing volume by 5%
[2025-05-19 22:12:40] [INFO] Volume changed to 55%
[2025-05-19 22:12:40] [INFO] Volume changed to 50%
[2025-05-19 22:12:40] [INFO] Increasing volume by 5%
[2025-05-19 22:12:40] [INFO] Increasing volume by 5%
[2025-05-19 22:12:40] [INFO] Volume changed to 60%
[2025-05-19 22:12:40] [INFO] Increasing volume by 5%
[2025-05-19 22:12:40] [INFO] Volume changed to 65%
[2025-05-19 22:12:41] [INFO] Decreasing volume by 5%
[2025-05-19 22:12:41] [INFO] Decreasing volume by 5%
[2025-05-19 22:12:41] [INFO] Volume changed to 55%
[2025-05-19 22:12:42] [INFO] Increasing volume by 5%
[2025-05-19 22:12:42] [INFO] Increasing volume by 5%
[2025-05-19 22:12:42] [INFO] Volume changed to 60%
[2025-05-19 22:12:42] [INFO] Volume changed to 65%
[2025-05-19 22:12:42] [INFO] Increasing volume by 5%
[2025-05-19 22:12:42] [INFO] Increasing volume by 5%
[2025-05-19 22:12:42] [INFO] Volume changed to 70%
[2025-05-19 22:12:42] [INFO] Volume changed to 75%
[2025-05-19 22:12:42] [INFO] Increasing volume by 5%
[2025-05-19 22:12:42] [INFO] Volume changed to 80%
[2025-05-19 22:12:42] [INFO] Increasing volume by 5%
[2025-05-19 22:12:42] [INFO] Volume changed to 85%
[2025-05-19 22:12:42] [INFO] Increasing volume by 5%
[2025-05-19 22:12:42] [INFO] Volume changed to 90%
[2025-05-19 22:12:43] [INFO] Increasing volume by 5%
[2025-05-19 22:12:43] [INFO] Increasing volume by 5%
[2025-05-19 22:12:43] [INFO] Volume changed to 95%
[2025-05-19 22:12:43] [INFO] Volume changed to 100%
[2025-05-19 22:12:43] [INFO] Increasing volume by 5%
[2025-05-19 22:12:43] [INFO] Volume changed to 105%
[2025-05-19 22:12:43] [INFO] Increasing volume by 5%
[2025-05-19 22:12:43] [INFO] Volume changed to 110%
[2025-05-19 22:12:43] [INFO] Increasing volume by 5%
[2025-05-19 22:12:43] [INFO] Increasing volume by 5%
[2025-05-19 22:12:43] [INFO] Volume changed to 114%
[2025-05-19 22:12:43] [INFO] Volume changed to 120%
[2025-05-19 22:12:44] [INFO] Increasing volume by 5%
[2025-05-19 22:12:44] [INFO] Increasing volume by 5%
[2025-05-19 22:12:44] [INFO] Volume changed to 125%
[2025-05-19 22:12:44] [INFO] Increasing volume by 5%
[2025-05-19 22:12:44] [INFO] Volume changed to 130%
[2025-05-19 22:12:44] [INFO] Increasing volume by 5%
[2025-05-19 22:12:44] [INFO] Volume changed to 135%
[2025-05-19 22:12:44] [INFO] Volume changed to 140%
[2025-05-19 22:12:44] [INFO] Increasing volume by 5%
[2025-05-19 22:12:44] [INFO] Volume changed to 145%
[2025-05-19 22:12:44] [INFO] Increasing volume by 5%
[2025-05-19 22:12:44] [INFO] Volume changed to 150%
[2025-05-19 22:12:44] [INFO] Increasing volume by 5%
[2025-05-19 22:12:44] [INFO] Increasing volume by 5%
[2025-05-19 22:12:44] [INFO] Volume changed to 155%
[2025-05-19 22:12:44] [INFO] Increasing volume by 5%
[2025-05-19 22:12:44] [INFO] Increasing volume by 5%
[2025-05-19 22:12:44] [INFO] Volume changed to 160%
[2025-05-19 22:12:44] [INFO] Increasing volume by 5%
[2025-05-19 22:12:44] [INFO] Volume changed to 165%
[2025-05-19 22:12:44] [INFO] Volume changed to 170%
[2025-05-19 22:12:45] [INFO] Volume changed to 175%
[2025-05-19 22:12:45] [INFO] Increasing volume by 5%
[2025-05-19 22:12:45] [INFO] Increasing volume by 5%
[2025-05-19 22:12:45] [INFO] Volume changed to 180%
[2025-05-19 22:12:45] [INFO] Increasing volume by 5%
[2025-05-19 22:12:45] [INFO] Volume changed to 185%
[2025-05-19 22:12:45] [INFO] Increasing volume by 5%
[2025-05-19 22:12:45] [INFO] Volume changed to 190%
[2025-05-19 22:12:45] [INFO] Volume changed to 195%
[2025-05-19 22:12:45] [INFO] Increasing volume by 5%
[2025-05-19 22:12:45] [INFO] Volume changed to 200%
[2025-05-19 22:12:45] [INFO] Decreasing volume by 5%
[2025-05-19 22:12:45] [INFO] Decreasing volume by 5%
[2025-05-19 22:12:45] [INFO] Decreasing volume by 5%
[2025-05-19 22:12:45] [INFO] Decreasing volume by 5%
[2025-05-19 22:12:45] [INFO] Volume changed to 190%
[2025-05-19 22:12:45] [INFO] Decreasing volume by 5%
[2025-05-19 22:12:45] [INFO] Volume changed to 185%
[2025-05-19 22:12:45] [INFO] Decreasing volume by 5%
[2025-05-19 22:12:45] [INFO] Volume changed to 175%
[2025-05-19 22:12:45] [INFO] Decreasing volume by 5%
[2025-05-19 22:12:45] [INFO] Decreasing volume by 5%
[2025-05-19 22:12:45] [INFO] Decreasing volume by 5%
[2025-05-19 22:12:45] [INFO] Volume changed to 170%
[2025-05-19 22:12:45] [INFO] Volume changed to 165%
[2025-05-19 22:12:45] [INFO] Volume changed to 165%
[2025-05-19 22:12:45] [INFO] Volume changed to 160%
[2025-05-19 22:12:45] [INFO] Decreasing volume by 5%
[2025-05-19 22:12:45] [INFO] Decreasing volume by 5%
[2025-05-19 22:12:45] [INFO] Decreasing volume by 5%
[2025-05-19 22:12:45] [INFO] Decreasing volume by 5%
[2025-05-19 22:12:45] [INFO] Decreasing volume by 5%
[2025-05-19 22:12:45] [INFO] Volume changed to 150%
[2025-05-19 22:12:45] [INFO] Volume changed to 140%
[2025-05-19 22:12:45] [INFO] Volume changed to 140%
[2025-05-19 22:12:45] [INFO] Volume changed to 140%
[2025-05-19 22:12:45] [INFO] Decreasing volume by 5%
[2025-05-19 22:12:45] [INFO] Volume changed to 135%
[2025-05-19 22:12:46] [INFO] Decreasing volume by 5%
[2025-05-19 22:12:46] [INFO] Decreasing volume by 5%
[2025-05-19 22:12:46] [INFO] Decreasing volume by 5%
[2025-05-19 22:12:46] [INFO] Decreasing volume by 5%
[2025-05-19 22:12:46] [INFO] Volume changed to 130%
[2025-05-19 22:12:46] [INFO] Decreasing volume by 5%
[2025-05-19 22:12:46] [INFO] Volume changed to 125%
[2025-05-19 22:12:46] [INFO] Volume changed to 125%
[2025-05-19 22:12:46] [INFO] Volume changed to 125%
[2025-05-19 22:12:46] [INFO] Volume changed to 120%
[2025-05-19 22:12:46] [INFO] Decreasing volume by 5%
[2025-05-19 22:12:46] [INFO] Volume changed to 114%
[2025-05-19 22:12:46] [INFO] Decreasing volume by 5%
[2025-05-19 22:12:46] [INFO] Decreasing volume by 5%
[2025-05-19 22:12:46] [INFO] Volume changed to 110%
[2025-05-19 22:12:46] [INFO] Decreasing volume by 5%
[2025-05-19 22:12:46] [INFO] Volume changed to 105%
[2025-05-19 22:12:46] [INFO] Volume changed to 100%
[2025-05-19 22:12:46] [INFO] Decreasing volume by 5%
[2025-05-19 22:12:46] [INFO] Decreasing volume by 5%
[2025-05-19 22:12:46] [INFO] Decreasing volume by 5%
[2025-05-19 22:12:46] [INFO] Volume changed to 90%
[2025-05-19 22:12:46] [INFO] Volume changed to 85%
[2025-05-19 22:15:08] [ERROR] Usage: /home/khalidwaleedkhedr/.config/eww/scripts/bluetooth/bluetooth_manager.sh {pair|connect|trust|battery} <MAC_ADDRESS>
[2025-05-19 22:15:12] [ERROR] Usage: /home/khalidwaleedkhedr/.config/eww/scripts/bluetooth/bluetooth_manager.sh {pair|connect|trust|battery} <MAC_ADDRESS>
[2025-05-19 22:15:17] [ERROR] Usage: /home/khalidwaleedkhedr/.config/eww/scripts/bluetooth/bluetooth_manager.sh {pair|connect|trust|battery} <MAC_ADDRESS>
[2025-05-19 22:15:19] [ERROR] Usage: /home/khalidwaleedkhedr/.config/eww/scripts/bluetooth/bluetooth_manager.sh {pair|connect|trust|battery} <MAC_ADDRESS>
[2025-05-19 22:15:31] [INFO] Attempting to connect to 41:42:DF:34:5A:5F
[2025-05-19 22:15:32] [INFO] Attempting to connect to 41:42:DF:34:5A:5F
[2025-05-19 22:15:32] [ERROR] Failed to connect to 41:42:DF:34:5A:5F
[2025-05-19 22:15:32] [INFO] Attempting to connect to 41:42:DF:34:5A:5F
[2025-05-19 22:15:32] [ERROR] Failed to connect to 41:42:DF:34:5A:5F
[2025-05-19 22:15:33] [INFO] Attempting to pair with 41:42:DF:34:5A:5F
[2025-05-19 22:15:33] [ERROR] Failed to pair with 41:42:DF:34:5A:5F
[2025-05-19 22:15:33] [INFO] Attempting to pair with 41:42:DF:34:5A:5F
[2025-05-19 22:15:33] [INFO] Attempting to pair with 41:42:DF:34:5A:5F
[2025-05-19 22:15:33] [ERROR] Failed to pair with 41:42:DF:34:5A:5F
[2025-05-19 22:15:33] [ERROR] Failed to pair with 41:42:DF:34:5A:5F
[2025-05-19 22:15:33] [INFO] Attempting to connect to 41:42:DF:34:5A:5F
[2025-05-19 22:15:33] [ERROR] Failed to connect to 41:42:DF:34:5A:5F
[2025-05-19 22:15:34] [INFO] Attempting to connect to 41:42:DF:34:5A:5F
[2025-05-19 22:15:34] [INFO] Attempting to connect to 41:42:DF:34:5A:5F
[2025-05-19 22:15:34] [ERROR] Failed to connect to 41:42:DF:34:5A:5F
[2025-05-19 22:15:34] [ERROR] Failed to connect to 41:42:DF:34:5A:5F
[2025-05-19 22:15:34] [INFO] Attempting to connect to 41:42:DF:34:5A:5F
[2025-05-19 22:15:34] [ERROR] Failed to connect to 41:42:DF:34:5A:5F
[2025-05-19 22:15:34] [INFO] Attempting to pair with 41:42:DF:34:5A:5F
[2025-05-19 22:15:34] [ERROR] Failed to pair with 41:42:DF:34:5A:5F
[2025-05-19 22:15:34] [INFO] Attempting to pair with 41:42:DF:34:5A:5F
[2025-05-19 22:15:34] [INFO] Attempting to pair with 41:42:DF:34:5A:5F
[2025-05-19 22:15:34] [ERROR] Failed to pair with 41:42:DF:34:5A:5F
[2025-05-19 22:15:34] [ERROR] Failed to pair with 41:42:DF:34:5A:5F
[2025-05-19 22:15:42] [INFO] Attempting to connect to 41:42:DF:34:5A:5F
[2025-05-19 22:15:42] [INFO] Attempting to connect to 41:42:DF:34:5A:5F
[2025-05-19 22:15:42] [INFO] Attempting to connect to 41:42:DF:34:5A:5F
[2025-05-19 22:15:42] [ERROR] Failed to connect to 41:42:DF:34:5A:5F
[2025-05-19 22:15:42] [ERROR] Failed to connect to 41:42:DF:34:5A:5F
[2025-05-19 22:15:42] [INFO] Attempting to connect to 41:42:DF:34:5A:5F
[2025-05-19 22:15:42] [INFO] Attempting to connect to 41:42:DF:34:5A:5F
[2025-05-19 22:15:42] [ERROR] Failed to connect to 41:42:DF:34:5A:5F
[2025-05-19 22:15:42] [ERROR] Failed to connect to 41:42:DF:34:5A:5F
[2025-05-19 22:15:42] [INFO] Attempting to connect to 41:42:DF:34:5A:5F
[2025-05-19 22:15:42] [ERROR] Failed to connect to 41:42:DF:34:5A:5F
[2025-05-19 22:15:43] [INFO] Attempting to pair with 41:42:DF:34:5A:5F
[2025-05-19 22:15:43] [ERROR] Failed to pair with 41:42:DF:34:5A:5F
[2025-05-19 22:15:43] [INFO] Attempting to pair with 41:42:DF:34:5A:5F
[2025-05-19 22:15:43] [INFO] Attempting to pair with 41:42:DF:34:5A:5F
[2025-05-19 22:15:43] [ERROR] Failed to pair with 41:42:DF:34:5A:5F
[2025-05-19 22:15:43] [ERROR] Failed to pair with 41:42:DF:34:5A:5F
[2025-05-19 22:15:43] [INFO] Attempting to pair with 41:42:DF:34:5A:5F
[2025-05-19 22:15:43] [INFO] Attempting to pair with 41:42:DF:34:5A:5F
[2025-05-19 22:15:43] [ERROR] Failed to pair with 41:42:DF:34:5A:5F
[2025-05-19 22:15:43] [ERROR] Failed to pair with 41:42:DF:34:5A:5F
[2025-05-19 22:15:43] [INFO] Attempting to connect to 41:42:DF:34:5A:5F
[2025-05-19 22:15:43] [ERROR] Failed to connect to 41:42:DF:34:5A:5F
[2025-05-19 22:15:43] [INFO] Attempting to connect to 41:42:DF:34:5A:5F
[2025-05-19 22:15:43] [INFO] Attempting to connect to 41:42:DF:34:5A:5F
[2025-05-19 22:15:43] [ERROR] Failed to connect to 41:42:DF:34:5A:5F
[2025-05-19 22:15:43] [ERROR] Failed to connect to 41:42:DF:34:5A:5F
[2025-05-19 22:15:44] [INFO] Attempting to trust 41:42:DF:34:5A:5F
[2025-05-19 22:15:44] [INFO] Successfully trusted 41:42:DF:34:5A:5F
[2025-05-19 22:15:44] [INFO] Attempting to trust 41:42:DF:34:5A:5F
[2025-05-19 22:15:44] [INFO] Attempting to trust 41:42:DF:34:5A:5F
[2025-05-19 22:15:44] [INFO] Successfully trusted 41:42:DF:34:5A:5F
[2025-05-19 22:15:44] [INFO] Successfully trusted 41:42:DF:34:5A:5F
[2025-05-19 22:15:44] [INFO] Attempting to trust 41:42:DF:34:5A:5F
[2025-05-19 22:15:44] [INFO] Attempting to trust 41:42:DF:34:5A:5F
[2025-05-19 22:15:44] [INFO] Successfully trusted 41:42:DF:34:5A:5F
[2025-05-19 22:15:44] [INFO] Successfully trusted 41:42:DF:34:5A:5F
[2025-05-19 22:15:44] [INFO] Attempting to trust 41:42:DF:34:5A:5F
[2025-05-19 22:15:44] [INFO] Successfully trusted 41:42:DF:34:5A:5F
[2025-05-19 22:15:47] [INFO] Attempting to pair with 41:42:DF:34:5A:5F
[2025-05-19 22:15:47] [ERROR] Failed to pair with 41:42:DF:34:5A:5F
[2025-05-19 22:15:48] [INFO] Attempting to pair with 41:42:DF:34:5A:5F
[2025-05-19 22:15:48] [INFO] Attempting to pair with 41:42:DF:34:5A:5F
[2025-05-19 22:15:48] [ERROR] Failed to pair with 41:42:DF:34:5A:5F
[2025-05-19 22:15:48] [ERROR] Failed to pair with 41:42:DF:34:5A:5F
[2025-05-19 22:15:55] [ERROR] Usage: /home/khalidwaleedkhedr/.config/eww/scripts/bluetooth/bluetooth_manager.sh {pair|connect|trust|battery} <MAC_ADDRESS>
[2025-05-19 22:17:31] [INFO] Attempting to pair with AA:BB:CC:DD:EE:FF
[2025-05-19 22:17:31] [ERROR] Failed to pair with AA:BB:CC:DD:EE:FF
[2025-05-19 22:17:40] [INFO] Attempting to connect to AA:BB:CC:DD:EE:FF
[2025-05-19 22:17:40] [ERROR] Failed to connect to AA:BB:CC:DD:EE:FF
[2025-05-19 22:17:46] [INFO] Attempting to trust AA:BB:CC:DD:EE:FF
[2025-05-19 22:17:46] [ERROR] Failed to trust AA:BB:CC:DD:EE:FF
[2025-05-19 22:18:09] [INFO] Attempting to connect to AA:BB:CC:DD:EE:FF
[2025-05-19 22:18:09] [ERROR] Failed to connect to AA:BB:CC:DD:EE:FF
[2025-05-19 22:18:15] [INFO] Attempting to pair with 41:42:DF:34:5A:5F
[2025-05-19 22:18:15] [ERROR] Failed to pair with 41:42:DF:34:5A:5F
[2025-05-19 22:18:15] [INFO] Attempting to connect to 41:42:DF:34:5A:5F
[2025-05-19 22:18:15] [ERROR] Failed to connect to 41:42:DF:34:5A:5F
[2025-05-19 22:18:15] [INFO] Attempting to trust 41:42:DF:34:5A:5F
[2025-05-19 22:18:15] [INFO] Successfully trusted 41:42:DF:34:5A:5F
[2025-05-19 22:18:40] [INFO] Attempting to connect to AA:BB:CC:DD:EE:FF
[2025-05-19 22:18:40] [ERROR] Failed to connect to AA:BB:CC:DD:EE:FF
[2025-05-19 22:18:41] [INFO] Attempting to connect to AA:BB:CC:DD:EE:FF
[2025-05-19 22:18:41] [ERROR] Failed to connect to AA:BB:CC:DD:EE:FF
[2025-05-19 22:18:42] [INFO] Attempting to connect to AA:BB:CC:DD:EE:FF
[2025-05-19 22:18:42] [ERROR] Failed to connect to AA:BB:CC:DD:EE:FF
[2025-05-19 22:18:42] [INFO] Attempting to connect to AA:BB:CC:DD:EE:FF
[2025-05-19 22:18:42] [ERROR] Failed to connect to AA:BB:CC:DD:EE:FF
[2025-05-19 22:18:43] [INFO] Attempting to connect to AA:BB:CC:DD:EE:FF
[2025-05-19 22:18:43] [ERROR] Failed to connect to AA:BB:CC:DD:EE:FF
[2025-05-19 22:18:44] [INFO] Attempting to connect to AA:BB:CC:DD:EE:FF
[2025-05-19 22:18:44] [ERROR] Failed to connect to AA:BB:CC:DD:EE:FF
[2025-05-19 22:18:56] [INFO] Attempting to pair with AA:BB:CC:DD:EE:FF
[2025-05-19 22:18:56] [ERROR] Failed to pair with AA:BB:CC:DD:EE:FF
[2025-05-19 22:18:59] [INFO] Attempting to pair with AA:BB:CC:DD:EE:FF
[2025-05-19 22:18:59] [ERROR] Failed to pair with AA:BB:CC:DD:EE:FF
[2025-05-19 22:19:03] [INFO] Attempting to connect to 41:42:DF:34:5A:5F
[2025-05-19 22:19:03] [ERROR] Failed to connect to 41:42:DF:34:5A:5F
[2025-05-19 22:19:03] [INFO] Attempting to connect to 41:42:DF:34:5A:5F
[2025-05-19 22:19:03] [ERROR] Failed to connect to 41:42:DF:34:5A:5F
[2025-05-19 22:19:04] [INFO] Attempting to connect to 41:42:DF:34:5A:5F
[2025-05-19 22:19:04] [ERROR] Failed to connect to 41:42:DF:34:5A:5F
[2025-05-19 22:19:04] [INFO] Attempting to connect to 41:42:DF:34:5A:5F
[2025-05-19 22:19:04] [ERROR] Failed to connect to 41:42:DF:34:5A:5F
[2025-05-19 22:19:04] [INFO] Attempting to connect to 41:42:DF:34:5A:5F
[2025-05-19 22:19:04] [INFO] Attempting to connect to 41:42:DF:34:5A:5F
[2025-05-19 22:19:04] [ERROR] Failed to connect to 41:42:DF:34:5A:5F
[2025-05-19 22:19:04] [ERROR] Failed to connect to 41:42:DF:34:5A:5F
[2025-05-19 22:19:04] [INFO] Attempting to connect to 41:42:DF:34:5A:5F
[2025-05-19 22:19:04] [INFO] Attempting to connect to 41:42:DF:34:5A:5F
[2025-05-19 22:19:04] [ERROR] Failed to connect to 41:42:DF:34:5A:5F
[2025-05-19 22:19:04] [ERROR] Failed to connect to 41:42:DF:34:5A:5F
[2025-05-19 22:19:06] [INFO] Attempting to connect to 41:42:DF:34:5A:5F
[2025-05-19 22:19:06] [ERROR] Failed to connect to 41:42:DF:34:5A:5F
[2025-05-19 22:19:07] [INFO] Attempting to connect to 41:42:DF:34:5A:5F
[2025-05-19 22:19:07] [ERROR] Failed to connect to 41:42:DF:34:5A:5F
[2025-05-19 22:19:13] [INFO] Attempting to connect to 41:42:DF:34:5A:5F
[2025-05-19 22:19:13] [ERROR] Failed to connect to 41:42:DF:34:5A:5F
[2025-05-19 22:19:13] [INFO] Attempting to connect to 41:42:DF:34:5A:5F
[2025-05-19 22:19:13] [INFO] Attempting to connect to 41:42:DF:34:5A:5F
[2025-05-19 22:19:13] [ERROR] Failed to connect to 41:42:DF:34:5A:5F
[2025-05-19 22:19:13] [ERROR] Failed to connect to 41:42:DF:34:5A:5F
[2025-05-19 22:19:13] [INFO] Attempting to pair with 41:42:DF:34:5A:5F
[2025-05-19 22:19:13] [ERROR] Failed to pair with 41:42:DF:34:5A:5F
[2025-05-19 22:19:13] [INFO] Attempting to pair with 41:42:DF:34:5A:5F
[2025-05-19 22:19:13] [INFO] Attempting to pair with 41:42:DF:34:5A:5F
[2025-05-19 22:19:13] [ERROR] Failed to pair with 41:42:DF:34:5A:5F
[2025-05-19 22:19:13] [ERROR] Failed to pair with 41:42:DF:34:5A:5F
[2025-05-19 22:19:14] [INFO] Attempting to pair with 41:42:DF:34:5A:5F
[2025-05-19 22:19:14] [INFO] Attempting to pair with 41:42:DF:34:5A:5F
[2025-05-19 22:19:14] [ERROR] Failed to pair with 41:42:DF:34:5A:5F
[2025-05-19 22:19:14] [ERROR] Failed to pair with 41:42:DF:34:5A:5F
[2025-05-19 22:19:14] [INFO] Attempting to pair with 41:42:DF:34:5A:5F
[2025-05-19 22:19:14] [ERROR] Failed to pair with 41:42:DF:34:5A:5F
[2025-05-19 22:19:14] [INFO] Attempting to trust 41:42:DF:34:5A:5F
[2025-05-19 22:19:14] [INFO] Successfully trusted 41:42:DF:34:5A:5F
[2025-05-19 22:19:14] [INFO] Attempting to trust 41:42:DF:34:5A:5F
[2025-05-19 22:19:14] [INFO] Attempting to trust 41:42:DF:34:5A:5F
[2025-05-19 22:19:14] [INFO] Successfully trusted 41:42:DF:34:5A:5F
[2025-05-19 22:19:14] [INFO] Successfully trusted 41:42:DF:34:5A:5F
[2025-05-19 22:19:14] [INFO] Attempting to trust 41:42:DF:34:5A:5F
[2025-05-19 22:19:14] [INFO] Attempting to trust 41:42:DF:34:5A:5F
[2025-05-19 22:19:14] [INFO] Successfully trusted 41:42:DF:34:5A:5F
[2025-05-19 22:19:14] [INFO] Successfully trusted 41:42:DF:34:5A:5F
[2025-05-19 22:19:15] [INFO] Attempting to trust 41:42:DF:34:5A:5F
[2025-05-19 22:19:15] [INFO] Successfully trusted 41:42:DF:34:5A:5F
[2025-05-19 22:19:15] [INFO] Attempting to connect to 41:42:DF:34:5A:5F
[2025-05-19 22:19:15] [ERROR] Failed to connect to 41:42:DF:34:5A:5F
[2025-05-19 22:19:15] [INFO] Attempting to connect to 41:42:DF:34:5A:5F
[2025-05-19 22:19:15] [ERROR] Failed to connect to 41:42:DF:34:5A:5F
[2025-05-19 22:19:15] [INFO] Attempting to connect to 41:42:DF:34:5A:5F
[2025-05-19 22:19:15] [INFO] Attempting to connect to 41:42:DF:34:5A:5F
[2025-05-19 22:19:15] [ERROR] Failed to connect to 41:42:DF:34:5A:5F
[2025-05-19 22:19:15] [ERROR] Failed to connect to 41:42:DF:34:5A:5F
[2025-05-19 22:19:15] [INFO] Attempting to connect to 41:42:DF:34:5A:5F
[2025-05-19 22:19:15] [INFO] Attempting to connect to 41:42:DF:34:5A:5F
[2025-05-19 22:19:15] [ERROR] Failed to connect to 41:42:DF:34:5A:5F
[2025-05-19 22:19:15] [ERROR] Failed to connect to 41:42:DF:34:5A:5F
[2025-05-19 22:19:15] [INFO] Attempting to connect to 41:42:DF:34:5A:5F
[2025-05-19 22:19:15] [ERROR] Failed to connect to 41:42:DF:34:5A:5F
[2025-05-19 22:19:16] [INFO] Attempting to connect to 41:42:DF:34:5A:5F
[2025-05-19 22:19:16] [ERROR] Failed to connect to 41:42:DF:34:5A:5F
[2025-05-19 22:19:16] [INFO] Attempting to pair with 41:42:DF:34:5A:5F
[2025-05-19 22:19:16] [ERROR] Failed to pair with 41:42:DF:34:5A:5F
[2025-05-19 22:19:16] [INFO] Attempting to pair with 41:42:DF:34:5A:5F
[2025-05-19 22:19:16] [ERROR] Failed to pair with 41:42:DF:34:5A:5F
[2025-05-19 22:19:16] [INFO] Attempting to pair with 41:42:DF:34:5A:5F
[2025-05-19 22:19:16] [INFO] Attempting to pair with 41:42:DF:34:5A:5F
[2025-05-19 22:19:16] [ERROR] Failed to pair with 41:42:DF:34:5A:5F
[2025-05-19 22:19:16] [ERROR] Failed to pair with 41:42:DF:34:5A:5F
[2025-05-19 22:19:16] [INFO] Attempting to pair with 41:42:DF:34:5A:5F
[2025-05-19 22:19:16] [INFO] Attempting to pair with 41:42:DF:34:5A:5F
[2025-05-19 22:19:16] [ERROR] Failed to pair with 41:42:DF:34:5A:5F
[2025-05-19 22:19:16] [ERROR] Failed to pair with 41:42:DF:34:5A:5F
[2025-05-19 22:19:16] [INFO] Attempting to pair with 41:42:DF:34:5A:5F
[2025-05-19 22:19:16] [ERROR] Failed to pair with 41:42:DF:34:5A:5F
[2025-05-19 22:19:17] [INFO] Attempting to pair with 41:42:DF:34:5A:5F
[2025-05-19 22:19:17] [INFO] Attempting to pair with 41:42:DF:34:5A:5F
[2025-05-19 22:19:17] [ERROR] Failed to pair with 41:42:DF:34:5A:5F
[2025-05-19 22:19:17] [ERROR] Failed to pair with 41:42:DF:34:5A:5F
[2025-05-19 22:19:17] [INFO] Attempting to pair with 41:42:DF:34:5A:5F
[2025-05-19 22:19:17] [INFO] Attempting to pair with 41:42:DF:34:5A:5F
[2025-05-19 22:19:17] [ERROR] Failed to pair with 41:42:DF:34:5A:5F
[2025-05-19 22:19:17] [ERROR] Failed to pair with 41:42:DF:34:5A:5F
[2025-05-19 22:19:17] [INFO] Attempting to pair with 41:42:DF:34:5A:5F
[2025-05-19 22:19:17] [ERROR] Failed to pair with 41:42:DF:34:5A:5F
[2025-05-19 22:19:19] [INFO] Attempting to pair with 41:42:DF:34:5A:5F
[2025-05-19 22:19:19] [ERROR] Failed to pair with 41:42:DF:34:5A:5F
[2025-05-19 22:19:19] [INFO] Attempting to pair with 41:42:DF:34:5A:5F
[2025-05-19 22:19:19] [INFO] Attempting to pair with 41:42:DF:34:5A:5F
[2025-05-19 22:19:19] [ERROR] Failed to pair with 41:42:DF:34:5A:5F
[2025-05-19 22:19:19] [ERROR] Failed to pair with 41:42:DF:34:5A:5F
[2025-05-19 22:19:19] [INFO] Attempting to connect to 41:42:DF:34:5A:5F
[2025-05-19 22:19:20] [INFO] Attempting to connect to 41:42:DF:34:5A:5F
[2025-05-19 22:19:20] [ERROR] Failed to connect to 41:42:DF:34:5A:5F
[2025-05-19 22:19:20] [INFO] Attempting to connect to 41:42:DF:34:5A:5F
[2025-05-19 22:19:20] [ERROR] Failed to connect to 41:42:DF:34:5A:5F
[2025-05-19 22:19:20] [INFO] Attempting to trust 41:42:DF:34:5A:5F
[2025-05-19 22:19:20] [INFO] Successfully trusted 41:42:DF:34:5A:5F
[2025-05-19 22:19:20] [INFO] Attempting to trust 41:42:DF:34:5A:5F
[2025-05-19 22:19:20] [INFO] Successfully trusted 41:42:DF:34:5A:5F
[2025-05-19 22:19:20] [INFO] Attempting to trust 41:42:DF:34:5A:5F
[2025-05-19 22:19:20] [INFO] Attempting to trust 41:42:DF:34:5A:5F
[2025-05-19 22:19:20] [INFO] Successfully trusted 41:42:DF:34:5A:5F
[2025-05-19 22:19:20] [INFO] Successfully trusted 41:42:DF:34:5A:5F
[2025-05-19 22:19:21] [INFO] Attempting to trust 41:42:DF:34:5A:5F
[2025-05-19 22:19:21] [INFO] Attempting to trust 41:42:DF:34:5A:5F
[2025-05-19 22:19:21] [INFO] Successfully trusted 41:42:DF:34:5A:5F
[2025-05-19 22:19:21] [INFO] Successfully trusted 41:42:DF:34:5A:5F
[2025-05-19 22:19:21] [INFO] Attempting to trust 41:42:DF:34:5A:5F
[2025-05-19 22:19:21] [INFO] Successfully trusted 41:42:DF:34:5A:5F
[2025-05-19 22:19:21] [INFO] Attempting to trust 41:42:DF:34:5A:5F
[2025-05-19 22:19:21] [INFO] Attempting to trust 41:42:DF:34:5A:5F
[2025-05-19 22:19:21] [INFO] Successfully trusted 41:42:DF:34:5A:5F
[2025-05-19 22:19:21] [INFO] Successfully trusted 41:42:DF:34:5A:5F
[2025-05-19 22:19:21] [INFO] Attempting to connect to 41:42:DF:34:5A:5F
[2025-05-19 22:19:21] [INFO] Attempting to connect to 41:42:DF:34:5A:5F
[2025-05-19 22:19:21] [ERROR] Failed to connect to 41:42:DF:34:5A:5F
[2025-05-19 22:19:21] [INFO] Attempting to connect to 41:42:DF:34:5A:5F
[2025-05-19 22:19:21] [INFO] Attempting to connect to 41:42:DF:34:5A:5F
[2025-05-19 22:19:21] [ERROR] Failed to connect to 41:42:DF:34:5A:5F
[2025-05-19 22:19:21] [ERROR] Failed to connect to 41:42:DF:34:5A:5F
[2025-05-19 22:19:27] [INFO] Attempting to pair with 41:42:DF:34:5A:5F
[2025-05-19 22:19:27] [ERROR] Failed to pair with 41:42:DF:34:5A:5F
[2025-05-19 22:19:28] [INFO] Attempting to pair with 41:42:DF:34:5A:5F
[2025-05-19 22:19:28] [INFO] Attempting to pair with 41:42:DF:34:5A:5F
[2025-05-19 22:19:28] [ERROR] Failed to pair with 41:42:DF:34:5A:5F
[2025-05-19 22:19:28] [ERROR] Failed to pair with 41:42:DF:34:5A:5F
[2025-05-19 22:19:28] [INFO] Attempting to connect to 41:42:DF:34:5A:5F
[2025-05-19 22:19:28] [INFO] Attempting to connect to 41:42:DF:34:5A:5F
[2025-05-19 22:19:28] [ERROR] Failed to connect to 41:42:DF:34:5A:5F
[2025-05-19 22:19:28] [INFO] Attempting to connect to 41:42:DF:34:5A:5F
[2025-05-19 22:19:28] [ERROR] Failed to connect to 41:42:DF:34:5A:5F
[2025-05-19 22:19:28] [INFO] Attempting to connect to 41:42:DF:34:5A:5F
[2025-05-19 22:19:28] [ERROR] Failed to connect to 41:42:DF:34:5A:5F
[2025-05-19 22:19:29] [INFO] Attempting to trust 41:42:DF:34:5A:5F
[2025-05-19 22:19:29] [INFO] Successfully trusted 41:42:DF:34:5A:5F
[2025-05-19 22:19:29] [INFO] Attempting to trust 41:42:DF:34:5A:5F
[2025-05-19 22:19:29] [INFO] Attempting to trust 41:42:DF:34:5A:5F
[2025-05-19 22:19:29] [INFO] Successfully trusted 41:42:DF:34:5A:5F
[2025-05-19 22:19:29] [INFO] Successfully trusted 41:42:DF:34:5A:5F
[2025-05-19 22:19:31] [INFO] Attempting to pair with 41:42:DF:34:5A:5F
[2025-05-19 22:19:31] [ERROR] Failed to pair with 41:42:DF:34:5A:5F
[2025-05-19 22:19:32] [INFO] Attempting to pair with 41:42:DF:34:5A:5F
[2025-05-19 22:19:32] [INFO] Attempting to pair with 41:42:DF:34:5A:5F
[2025-05-19 22:19:32] [ERROR] Failed to pair with 41:42:DF:34:5A:5F
[2025-05-19 22:19:32] [ERROR] Failed to pair with 41:42:DF:34:5A:5F
[2025-05-19 22:19:32] [INFO] Attempting to connect to 41:42:DF:34:5A:5F
[2025-05-19 22:19:32] [INFO] Attempting to connect to 41:42:DF:34:5A:5F
[2025-05-19 22:19:32] [INFO] Attempting to connect to 41:42:DF:34:5A:5F
[2025-05-19 22:19:32] [ERROR] Failed to connect to 41:42:DF:34:5A:5F
[2025-05-19 22:19:32] [ERROR] Failed to connect to 41:42:DF:34:5A:5F
[2025-05-19 22:20:12] [INFO] Attempting to pair with 41:42:DF:34:5A:5F
[2025-05-19 22:20:12] [ERROR] Failed to pair with 41:42:DF:34:5A:5F
[2025-05-19 22:20:19] [INFO] Attempting to pair with 41:42:DF:34:5A:5F
[2025-05-19 22:20:19] [ERROR] Failed to pair with 41:42:DF:34:5A:5F
[2025-05-19 22:20:23] [INFO] Attempting to pair with 41:42:DF:34:5A:5F
[2025-05-19 22:20:23] [ERROR] Failed to pair with 41:42:DF:34:5A:5F
[2025-05-19 22:20:31] [INFO] Attempting to connect to 41:42:DF:34:5A:5F
[2025-05-19 22:20:33] [ERROR] Failed to connect to 41:42:DF:34:5A:5F
[2025-05-19 22:20:38] [INFO] Attempting to connect to 41:42:DF:34:5A:5F
[2025-05-19 22:20:40] [ERROR] Failed to connect to 41:42:DF:34:5A:5F
[2025-05-19 22:20:47] [INFO] Attempting to connect to 41:42:DF:34:5A:5F
[2025-05-19 22:20:47] [INFO] Attempting to connect to 41:42:DF:34:5A:5F
[2025-05-19 22:20:47] [INFO] Attempting to connect to 41:42:DF:34:5A:5F
[2025-05-19 22:20:47] [ERROR] Failed to connect to 41:42:DF:34:5A:5F
[2025-05-19 22:20:47] [ERROR] Failed to connect to 41:42:DF:34:5A:5F
[2025-05-19 22:20:47] [INFO] Attempting to connect to 41:42:DF:34:5A:5F
[2025-05-19 22:20:47] [INFO] Attempting to connect to 41:42:DF:34:5A:5F
[2025-05-19 22:20:47] [ERROR] Failed to connect to 41:42:DF:34:5A:5F
[2025-05-19 22:20:47] [ERROR] Failed to connect to 41:42:DF:34:5A:5F
[2025-05-19 22:20:47] [INFO] Attempting to connect to 41:42:DF:34:5A:5F
[2025-05-19 22:20:47] [ERROR] Failed to connect to 41:42:DF:34:5A:5F
[2025-05-19 22:20:47] [INFO] Attempting to connect to 41:42:DF:34:5A:5F
[2025-05-19 22:20:47] [INFO] Attempting to connect to 41:42:DF:34:5A:5F
[2025-05-19 22:20:47] [ERROR] Failed to connect to 41:42:DF:34:5A:5F
[2025-05-19 22:20:47] [ERROR] Failed to connect to 41:42:DF:34:5A:5F
[2025-05-19 22:20:47] [INFO] Attempting to connect to 41:42:DF:34:5A:5F
[2025-05-19 22:20:47] [INFO] Attempting to connect to 41:42:DF:34:5A:5F
[2025-05-19 22:20:47] [ERROR] Failed to connect to 41:42:DF:34:5A:5F
[2025-05-19 22:20:47] [ERROR] Failed to connect to 41:42:DF:34:5A:5F
[2025-05-19 22:20:48] [INFO] Attempting to connect to 41:42:DF:34:5A:5F
[2025-05-19 22:20:48] [INFO] Attempting to connect to 41:42:DF:34:5A:5F
[2025-05-19 22:20:48] [INFO] Attempting to connect to 41:42:DF:34:5A:5F
[2025-05-19 22:20:48] [ERROR] Failed to connect to 41:42:DF:34:5A:5F
[2025-05-19 22:20:48] [ERROR] Failed to connect to 41:42:DF:34:5A:5F
[2025-05-19 22:20:48] [INFO] Attempting to connect to 41:42:DF:34:5A:5F
[2025-05-19 22:20:48] [INFO] Attempting to connect to 41:42:DF:34:5A:5F
[2025-05-19 22:20:48] [ERROR] Failed to connect to 41:42:DF:34:5A:5F
[2025-05-19 22:20:48] [ERROR] Failed to connect to 41:42:DF:34:5A:5F
[2025-05-19 22:20:48] [INFO] Attempting to connect to 41:42:DF:34:5A:5F
[2025-05-19 22:20:50] [INFO] Attempting to connect to 41:42:DF:34:5A:5F
[2025-05-19 22:20:50] [ERROR] Failed to connect to 41:42:DF:34:5A:5F
[2025-05-19 22:20:57] [INFO] Attempting to connect to 41:42:DF:34:5A:5F
[2025-05-19 22:20:57] [ERROR] Failed to connect to 41:42:DF:34:5A:5F
[2025-05-19 22:21:08] [INFO] Attempting to connect to 41:42:DF:34:5A:5F
[2025-05-19 22:21:10] [ERROR] Failed to connect to 41:42:DF:34:5A:5F
[2025-05-19 22:21:12] [INFO] Attempting to connect to 41:42:DF:34:5A:5F
[2025-05-19 22:21:12] [ERROR] Failed to connect to 41:42:DF:34:5A:5F
[2025-05-19 22:21:25] [INFO] Attempting to connect to 41:42:DF:34:5A:5F
[2025-05-19 22:21:28] [ERROR] Failed to connect to 41:42:DF:34:5A:5F
[2025-05-19 22:21:29] [INFO] Attempting to connect to 41:42:DF:34:5A:5F
[2025-05-19 22:21:29] [ERROR] Failed to connect to 41:42:DF:34:5A:5F
[2025-05-19 22:21:31] [INFO] Attempting to connect to 41:42:DF:34:5A:5F
[2025-05-19 22:21:31] [ERROR] Failed to connect to 41:42:DF:34:5A:5F
[2025-05-19 22:32:38] [INFO] Attempting to connect to 20:AF:1B:16:15:15
[2025-05-19 22:32:38] [INFO] Attempting to connect to 20:AF:1B:16:15:15
[2025-05-19 22:32:38] [INFO] Attempting to connect to 20:AF:1B:16:15:15
[2025-05-19 22:32:38] [ERROR] Failed to connect to 20:AF:1B:16:15:15
[2025-05-19 22:32:38] [ERROR] Failed to connect to 20:AF:1B:16:15:15
[2025-05-19 22:33:05] [ERROR] Usage: /home/khalidwaleedkhedr/.config/eww/scripts/bluetooth/bluetooth_manager.sh {pair|connect|trust|battery} <MAC_ADDRESS>
[2025-05-19 22:33:36] [INFO] Attempting to connect to 20:AF:1B:16:15:15
[2025-05-19 22:33:36] [INFO] Attempting to connect to 20:AF:1B:16:15:15
[2025-05-19 22:33:36] [ERROR] Failed to connect to 20:AF:1B:16:15:15
[2025-05-19 22:33:36] [INFO] Attempting to connect to 20:AF:1B:16:15:15
[2025-05-19 22:33:36] [INFO] Attempting to connect to 20:AF:1B:16:15:15
[2025-05-19 22:33:36] [ERROR] Failed to connect to 20:AF:1B:16:15:15
[2025-05-19 22:33:36] [ERROR] Failed to connect to 20:AF:1B:16:15:15
[2025-05-19 22:33:37] [INFO] Attempting to connect to 20:AF:1B:16:15:15
[2025-05-19 22:33:37] [INFO] Attempting to connect to 20:AF:1B:16:15:15
[2025-05-19 22:33:37] [ERROR] Failed to connect to 20:AF:1B:16:15:15
[2025-05-19 22:33:37] [ERROR] Failed to connect to 20:AF:1B:16:15:15
[2025-05-19 22:33:38] [INFO] Attempting to connect to 20:AF:1B:16:15:15
[2025-05-19 22:33:38] [ERROR] Failed to connect to 20:AF:1B:16:15:15
[2025-05-19 22:33:39] [INFO] Attempting to trust 20:AF:1B:16:15:15
[2025-05-19 22:33:39] [INFO] Successfully trusted 20:AF:1B:16:15:15
[2025-05-19 22:33:39] [INFO] Attempting to connect to 20:AF:1B:16:15:15
[2025-05-19 22:33:39] [INFO] Attempting to connect to 20:AF:1B:16:15:15
[2025-05-19 22:33:39] [INFO] Attempting to connect to 20:AF:1B:16:15:15
[2025-05-19 22:33:39] [ERROR] Failed to connect to 20:AF:1B:16:15:15
[2025-05-19 22:33:39] [ERROR] Failed to connect to 20:AF:1B:16:15:15
[2025-05-19 22:33:40] [INFO] Attempting to connect to 20:AF:1B:16:15:15
[2025-05-19 22:33:40] [INFO] Attempting to connect to 20:AF:1B:16:15:15
[2025-05-19 22:33:40] [ERROR] Failed to connect to 20:AF:1B:16:15:15
[2025-05-19 22:33:40] [ERROR] Failed to connect to 20:AF:1B:16:15:15
[2025-05-19 22:33:40] [INFO] Attempting to connect to 20:AF:1B:16:15:15
[2025-05-19 22:34:05] [INFO] Attempting to connect to 20:AF:1B:16:15:15
[2025-05-19 22:34:06] [INFO] Attempting to connect to 20:AF:1B:16:15:15
[2025-05-19 22:34:06] [INFO] Attempting to connect to 20:AF:1B:16:15:15
[2025-05-19 22:34:06] [ERROR] Failed to connect to 20:AF:1B:16:15:15
[2025-05-19 22:34:06] [ERROR] Failed to connect to 20:AF:1B:16:15:15
[2025-05-19 22:34:06] [INFO] Attempting to connect to 20:AF:1B:16:15:15
[2025-05-19 22:34:06] [ERROR] Failed to connect to 20:AF:1B:16:15:15
[2025-05-19 22:34:06] [INFO] Attempting to connect to 20:AF:1B:16:15:15
[2025-05-19 22:34:06] [ERROR] Failed to connect to 20:AF:1B:16:15:15
[2025-05-19 22:34:06] [INFO] Attempting to connect to 20:AF:1B:16:15:15
[2025-05-19 22:34:06] [INFO] Attempting to connect to 20:AF:1B:16:15:15
[2025-05-19 22:34:06] [ERROR] Failed to connect to 20:AF:1B:16:15:15
[2025-05-19 22:34:06] [ERROR] Failed to connect to 20:AF:1B:16:15:15
[2025-05-19 22:34:06] [INFO] Attempting to connect to 20:AF:1B:16:15:15
[2025-05-19 22:34:06] [ERROR] Failed to connect to 20:AF:1B:16:15:15
[2025-05-19 22:34:06] [INFO] Attempting to connect to 20:AF:1B:16:15:15
[2025-05-19 22:34:06] [INFO] Attempting to connect to 20:AF:1B:16:15:15
[2025-05-19 22:34:06] [ERROR] Failed to connect to 20:AF:1B:16:15:15
[2025-05-19 22:34:06] [ERROR] Failed to connect to 20:AF:1B:16:15:15
[2025-05-19 22:34:07] [INFO] Attempting to connect to 20:AF:1B:16:15:15
[2025-05-19 22:34:07] [INFO] Attempting to connect to 20:AF:1B:16:15:15
[2025-05-19 22:34:07] [ERROR] Failed to connect to 20:AF:1B:16:15:15
[2025-05-19 22:34:07] [ERROR] Failed to connect to 20:AF:1B:16:15:15
[2025-05-19 22:34:07] [INFO] Attempting to connect to 20:AF:1B:16:15:15
[2025-05-19 22:34:07] [ERROR] Failed to connect to 20:AF:1B:16:15:15
[2025-05-19 22:34:07] [INFO] Attempting to connect to 20:AF:1B:16:15:15
[2025-05-19 22:34:07] [INFO] Attempting to connect to 20:AF:1B:16:15:15
[2025-05-19 22:34:07] [ERROR] Failed to connect to 20:AF:1B:16:15:15
[2025-05-19 22:34:07] [ERROR] Failed to connect to 20:AF:1B:16:15:15
[2025-05-19 22:34:07] [INFO] Attempting to connect to 20:AF:1B:16:15:15
[2025-05-19 22:34:07] [INFO] Attempting to connect to 20:AF:1B:16:15:15
[2025-05-19 22:34:07] [ERROR] Failed to connect to 20:AF:1B:16:15:15
[2025-05-19 22:34:07] [ERROR] Failed to connect to 20:AF:1B:16:15:15
[2025-05-19 22:34:23] [INFO] Attempting to connect to 20:AF:1B:16:15:15
[2025-05-19 22:34:23] [INFO] Attempting to connect to 20:AF:1B:16:15:15
[2025-05-19 22:34:23] [INFO] Attempting to connect to 20:AF:1B:16:15:15
[2025-05-19 22:34:23] [ERROR] Failed to connect to 20:AF:1B:16:15:15
[2025-05-19 22:34:23] [ERROR] Failed to connect to 20:AF:1B:16:15:15
[2025-05-19 22:34:24] [INFO] Attempting to connect to 20:AF:1B:16:15:15
[2025-05-19 22:34:24] [INFO] Attempting to connect to 20:AF:1B:16:15:15
[2025-05-19 22:34:24] [ERROR] Failed to connect to 20:AF:1B:16:15:15
[2025-05-19 22:34:24] [ERROR] Failed to connect to 20:AF:1B:16:15:15
[2025-05-19 22:34:25] [INFO] Attempting to connect to 41:42:DF:34:5A:5F
[2025-05-19 22:34:25] [INFO] Attempting to connect to 41:42:DF:34:5A:5F
[2025-05-19 22:34:25] [INFO] Attempting to connect to 41:42:DF:34:5A:5F
[2025-05-19 22:34:25] [ERROR] Failed to connect to 41:42:DF:34:5A:5F
[2025-05-19 22:34:25] [ERROR] Failed to connect to 41:42:DF:34:5A:5F
[2025-05-19 22:34:25] [INFO] Attempting to connect to 41:42:DF:34:5A:5F
[2025-05-19 22:34:25] [INFO] Attempting to connect to 41:42:DF:34:5A:5F
[2025-05-19 22:34:25] [ERROR] Failed to connect to 41:42:DF:34:5A:5F
[2025-05-19 22:34:25] [ERROR] Failed to connect to 41:42:DF:34:5A:5F
[2025-05-19 22:34:25] [INFO] Attempting to pair with 41:42:DF:34:5A:5F
[2025-05-19 22:34:25] [ERROR] Failed to pair with 41:42:DF:34:5A:5F
[2025-05-19 22:34:26] [INFO] Attempting to pair with 41:42:DF:34:5A:5F
[2025-05-19 22:34:26] [ERROR] Failed to pair with 41:42:DF:34:5A:5F
[2025-05-19 22:34:26] [INFO] Attempting to pair with 41:42:DF:34:5A:5F
[2025-05-19 22:34:26] [INFO] Attempting to pair with 41:42:DF:34:5A:5F
[2025-05-19 22:34:26] [ERROR] Failed to pair with 41:42:DF:34:5A:5F
[2025-05-19 22:34:26] [ERROR] Failed to pair with 41:42:DF:34:5A:5F
[2025-05-19 22:34:36] [INFO] Attempting to connect to 20:AF:1B:16:15:15
[2025-05-19 22:34:36] [INFO] Attempting to connect to 20:AF:1B:16:15:15
[2025-05-19 22:34:36] [INFO] Attempting to connect to 20:AF:1B:16:15:15
[2025-05-19 22:34:36] [ERROR] Failed to connect to 20:AF:1B:16:15:15
[2025-05-19 22:34:36] [ERROR] Failed to connect to 20:AF:1B:16:15:15
[2025-05-19 22:34:36] [INFO] Attempting to connect to 20:AF:1B:16:15:15
[2025-05-19 22:34:36] [INFO] Attempting to connect to 20:AF:1B:16:15:15
[2025-05-19 22:34:36] [ERROR] Failed to connect to 20:AF:1B:16:15:15
[2025-05-19 22:34:36] [ERROR] Failed to connect to 20:AF:1B:16:15:15
[2025-05-19 22:34:37] [INFO] Attempting to connect to 41:42:DF:34:5A:5F
[2025-05-19 22:34:37] [INFO] Attempting to connect to 41:42:DF:34:5A:5F
[2025-05-19 22:34:37] [INFO] Attempting to connect to 41:42:DF:34:5A:5F
[2025-05-19 22:34:37] [ERROR] Failed to connect to 41:42:DF:34:5A:5F
[2025-05-19 22:34:37] [ERROR] Failed to connect to 41:42:DF:34:5A:5F
[2025-05-19 22:41:56] [INFO] Taking area screenshot
[2025-05-20 00:48:32] [INFO] Current brightness percentage: 100
[2025-05-20 00:48:32] [INFO] Setting brightness to 100%
[2025-05-20 00:48:32] [INFO] Current brightness percentage: 100
[2025-05-20 00:48:32] [INFO] Setting brightness to 100%
[2025-05-20 00:48:32] [INFO] Current brightness percentage: 100
[2025-05-20 00:48:32] [INFO] Setting brightness to 100%
[2025-05-20 00:48:32] [INFO] Current brightness percentage: 100
[2025-05-20 00:48:32] [INFO] Setting brightness to 95%
[2025-05-20 00:48:32] [INFO] Current brightness percentage: 100
[2025-05-20 00:48:32] [INFO] Setting brightness to 95%
[2025-05-20 00:48:32] [INFO] Current brightness percentage: 94
[2025-05-20 00:48:32] [INFO] Setting brightness to 89%
[2025-05-20 00:48:32] [INFO] Current brightness percentage: 89
[2025-05-20 00:48:32] [INFO] Setting brightness to 84%
[2025-05-20 00:48:32] [INFO] Current brightness percentage: 83
[2025-05-20 00:48:32] [INFO] Setting brightness to 78%
[2025-05-20 00:48:32] [INFO] Current brightness percentage: 78
[2025-05-20 00:48:32] [INFO] Setting brightness to 73%
[2025-05-20 00:48:33] [INFO] Current brightness percentage: 72
[2025-05-20 00:48:33] [INFO] Setting brightness to 77%
[2025-05-20 00:48:33] [INFO] Current brightness percentage: 76
[2025-05-20 00:48:33] [INFO] Setting brightness to 81%
[2025-05-20 00:48:33] [INFO] Current brightness percentage: 81
[2025-05-20 00:48:33] [INFO] Setting brightness to 86%
[2025-05-20 00:48:33] [INFO] Current brightness percentage: 85
[2025-05-20 00:48:33] [INFO] Setting brightness to 90%
[2025-05-20 00:48:33] [INFO] Current brightness percentage: 90
[2025-05-20 00:48:33] [INFO] Setting brightness to 95%
[2025-05-20 00:48:33] [INFO] Current brightness percentage: 94
[2025-05-20 00:48:33] [INFO] Setting brightness to 99%
[2025-05-20 00:48:33] [INFO] Current brightness percentage: 98
[2025-05-20 00:48:33] [INFO] Setting brightness to 100%
[2025-05-20 00:48:33] [INFO] Current brightness percentage: 100
[2025-05-20 00:48:33] [INFO] Setting brightness to 100%
[2025-05-20 00:48:34] [INFO] Increasing volume by 5%
[2025-05-20 00:48:34] [INFO] Increasing volume by 5%
[2025-05-20 00:48:34] [INFO] Volume changed to 90%
[2025-05-20 00:48:34] [INFO] Volume changed to 95%
[2025-05-20 00:48:34] [INFO] Increasing volume by 5%
[2025-05-20 00:48:34] [INFO] Increasing volume by 5%
[2025-05-20 00:48:34] [INFO] Volume changed to 100%
[2025-05-20 00:48:34] [INFO] Volume changed to 105%
[2025-05-20 00:48:34] [INFO] Increasing volume by 5%
[2025-05-20 00:48:34] [INFO] Volume changed to 110%
[2025-05-20 00:48:34] [INFO] Increasing volume by 5%
[2025-05-20 00:48:34] [INFO] Volume changed to 114%
[2025-05-20 00:48:34] [INFO] Increasing volume by 5%
[2025-05-20 00:48:34] [INFO] Volume changed to 120%
[2025-05-20 00:48:35] [INFO] Increasing volume by 5%
[2025-05-20 00:48:35] [INFO] Increasing volume by 5%
[2025-05-20 00:48:35] [INFO] Increasing volume by 5%
[2025-05-20 00:48:35] [INFO] Volume changed to 125%
[2025-05-20 00:48:35] [INFO] Volume changed to 130%
[2025-05-20 00:48:35] [INFO] Increasing volume by 5%
[2025-05-20 00:48:35] [INFO] Volume changed to 135%
[2025-05-20 00:48:35] [INFO] Volume changed to 140%
[2025-05-20 00:48:35] [INFO] Increasing volume by 5%
[2025-05-20 00:48:35] [INFO] Volume changed to 145%
[2025-05-20 00:48:35] [INFO] Increasing volume by 5%
[2025-05-20 00:48:35] [INFO] Volume changed to 150%
[2025-05-20 00:48:35] [INFO] Increasing volume by 5%
[2025-05-20 00:48:35] [INFO] Volume changed to 155%
[2025-05-20 00:48:35] [INFO] Increasing volume by 5%
[2025-05-20 00:48:35] [INFO] Volume changed to 160%
[2025-05-20 00:48:35] [INFO] Decreasing volume by 5%
[2025-05-20 00:48:35] [INFO] Decreasing volume by 5%
[2025-05-20 00:48:35] [INFO] Volume changed to 155%
[2025-05-20 00:48:35] [INFO] Decreasing volume by 5%
[2025-05-20 00:48:35] [INFO] Volume changed to 150%
[2025-05-20 00:48:35] [INFO] Volume changed to 145%
[2025-05-20 00:48:35] [INFO] Decreasing volume by 5%
[2025-05-20 00:48:35] [INFO] Decreasing volume by 5%
[2025-05-20 00:48:35] [INFO] Decreasing volume by 5%
[2025-05-20 00:48:36] [INFO] Volume changed to 140%
[2025-05-20 00:48:36] [INFO] Volume changed to 135%
[2025-05-20 00:48:36] [INFO] Volume changed to 135%
[2025-05-20 00:48:36] [INFO] Decreasing volume by 5%
[2025-05-20 00:48:36] [INFO] Volume changed to 130%
[2025-05-20 00:48:36] [INFO] Decreasing volume by 5%
[2025-05-20 00:48:36] [INFO] Decreasing volume by 5%
[2025-05-20 00:48:36] [INFO] Decreasing volume by 5%
[2025-05-20 00:48:36] [INFO] Volume changed to 125%
[2025-05-20 00:48:36] [INFO] Decreasing volume by 5%
[2025-05-20 00:48:36] [INFO] Volume changed to 120%
[2025-05-20 00:48:36] [INFO] Volume changed to 114%
[2025-05-20 00:48:36] [INFO] Volume changed to 110%
[2025-05-20 00:48:36] [INFO] Decreasing volume by 5%
[2025-05-20 00:48:36] [INFO] Volume changed to 105%
[2025-05-20 00:48:37] [INFO] Decreasing volume by 5%
[2025-05-20 00:48:37] [INFO] Volume changed to 100%
[2025-05-20 00:48:38] [INFO] Increasing volume by 5%
[2025-05-20 00:48:38] [INFO] Increasing volume by 5%
[2025-05-20 00:48:38] [INFO] Volume changed to 105%
[2025-05-20 00:48:38] [INFO] Volume changed to 110%
[2025-05-20 00:48:38] [INFO] Decreasing volume by 5%
[2025-05-20 00:48:38] [INFO] Decreasing volume by 5%
[2025-05-20 00:48:38] [INFO] Volume changed to 105%
[2025-05-20 00:48:38] [INFO] Volume changed to 100%
[2025-05-20 00:48:39] [INFO] Decreasing volume by 5%
[2025-05-20 00:48:39] [INFO] Volume changed to 95%
[2025-05-20 00:48:39] [INFO] Increasing volume by 5%
[2025-05-20 00:48:39] [INFO] Increasing volume by 5%
[2025-05-20 00:48:39] [INFO] Volume changed to 100%
[2025-05-20 00:48:39] [INFO] Volume changed to 105%
[2025-05-20 00:48:40] [INFO] Decreasing volume by 5%
[2025-05-20 00:48:40] [INFO] Volume changed to 100%
[2025-05-20 01:26:09] [INFO] Taking area screenshot
[2025-05-20 01:32:53] [INFO] Taking area screenshot
[2025-05-20 02:22:23] [INFO] Taking area screenshot
[2025-05-20 02:22:28] [INFO] Taking area screenshot
